#
# There is insufficient memory for the Java Runtime Environment to continue.
# Native memory allocation (malloc) failed to allocate 417488 bytes for Chunk::new
# Possible reasons:
#   The system is out of physical RAM or swap space
#   The process is running with CompressedOops enabled, and the Java Heap may be blocking the growth of the native heap
# Possible solutions:
#   Reduce memory load on the system
#   Increase physical memory or swap space
#   Check if swap backing store is full
#   Decrease Java heap size (-Xmx/-Xms)
#   Decrease number of Java threads
#   Decrease Java thread stack sizes (-Xss)
#   Set larger code cache with -XX:ReservedCodeCacheSize=
#   JVM is running with Unscaled Compressed Oops mode in which the Java heap is
#     placed in the first 4GB address space. The Java Heap base address is the
#     maximum limit for the native heap growth. Please use -XX:HeapBaseMinAddress
#     to set the Java Heap base and to place the Java Heap above 4GB virtual address.
# This output file may be truncated or incomplete.
#
#  Out of Memory Error (arena.cpp:189), pid=15304, tid=6216
#
# JRE version: OpenJDK Runtime Environment JBR-17.0.8.1+7-1059.3-nomod (17.0.8.1+7) (build 17.0.8.1+7-b1059.3)
# Java VM: OpenJDK 64-Bit Server VM JBR-17.0.8.1+7-1059.3-nomod (17.0.8.1+7-b1059.3, mixed mode, tiered, compressed oops, compressed class ptrs, g1 gc, windows-amd64)
# No core dump will be written. Minidumps are not enabled by default on client versions of Windows
#

---------------  S U M M A R Y ------------

Command Line: --module-path=C:\Users\helio\.m2\repository\org\openjfx\javafx-base\21.0.2\javafx-base-21.0.2-win.jar;C:\Users\helio\.m2\repository\org\openjfx\javafx-base\21.0.2\javafx-base-21.0.2.jar;C:\Users\helio\.m2\repository\org\openjfx\javafx-controls\21.0.2\javafx-controls-21.0.2-win.jar;C:\Users\helio\.m2\repository\org\openjfx\javafx-controls\21.0.2\javafx-controls-21.0.2.jar;C:\Users\helio\.m2\repository\org\openjfx\javafx-fxml\21.0.2\javafx-fxml-21.0.2-win.jar;C:\Users\helio\.m2\repository\org\openjfx\javafx-fxml\21.0.2\javafx-fxml-21.0.2.jar;C:\Users\helio\.m2\repository\org\openjfx\javafx-graphics\21.0.2\javafx-graphics-21.0.2-win.jar;C:\Users\helio\.m2\repository\org\openjfx\javafx-graphics\21.0.2\javafx-graphics-21.0.2.jar;C:\Users\helio\.m2\repository\org\openjfx\javafx-media\21.0.2\javafx-media-21.0.2-win.jar;C:\Users\helio\.m2\repository\org\openjfx\javafx-media\21.0.2\javafx-media-21.0.2.jar;C:\Users\helio\.m2\repository\org\openjfx\javafx-web\21.0.2\javafx-web-21.0.2-win.jar;C:\Users\helio\.m2\repository\org\openjfx\javafx-web\21.0.2\javafx-web-21.0.2.jar --add-modules=javafx.base,javafx.controls,javafx.fxml,javafx.graphics,javafx.media,javafx.web controllers.Home

Host: Intel(R) Core(TM) i5-10300H CPU @ 2.50GHz, 8 cores, 7G,  Windows 11 , 64 bit Build 22000 (10.0.22000.708)
Time: Thu May  9 05:21:25 2024 Paris, Madrid (heure duild 22000 (10.0.22000.708) elapsed time: 94.693936 seconds (0d 0h 1m 34s)

---------------  T H R E A D  ---------------

Current thread (0x0000014844271a00):  JavaThread "C2 CompilerThread0" daemon [_thread_in_native, id=6216, stack(0x00000019a4a00000,0x00000019a4b00000)]


Current CompileTask:
C2:  94694 4641       4       com.sun.prism.impl.ps.BaseShaderGraphics::initLCDSampleRT (231 bytes)

Stack: [0x00000019a4a00000,0x00000019a4b00000]
Native frames: (J=compiled Java code, j=interpreted, Vv=VM code, C=native code)
V  [jvm.dll+0x6852da]  os::platform_print_native_stack+0xca  (os_windows_x86.cpp:235)
V  [jvm.dll+0x844ad4]  VMError::report+0xc34  (vmError.cpp:741)
V  [jvm.dll+0x8463ee]  VMError::report_and_die+0x78e  (vmError.cpp:1582)
V  [jvm.dll+0x846a53]  VMError::report_and_die+0x43  (vmError.cpp:1368)
V  [jvm.dll+0x24b7cf]  report_vm_out_of_memory+0x8f  (debug.cpp:321)
V  [jvm.dll+0xac3bc]  Chunk::operator new+0xcc  (arena.cpp:189)
V  [jvm.dll+0xac98c]  Arena::grow+0x3c  (arena.cpp:350)
V  [jvm.dll+0x36af97]  PhaseIFG::init+0xf7  (ifg.cpp:52)
V  [jvm.dll+0x3352b1]  PhaseCFG::global_code_motion+0x441  (gcm.cpp:1555)
V  [jvm.dll+0x33475a]  PhaseCFG::do_global_code_motion+0x3a  (gcm.cpp:1622)
V  [jvm.dll+0x21d7f1]  Compile::Code_Gen+0x261  (compile.cpp:2727)
V  [jvm.dll+0x21cc11]  Compile::Compile+0xe51  (compile.cpp:836)
V  [jvm.dll+0x1a660d]  C2Compiler::compile_method+0xad  (c2compiler.cpp:110)
V  [jvm.dll+0x22c9c8]  CompileBroker::invoke_compiler_on_method+0x878  (compileBroker.cpp:2372)
V  [jvm.dll+0x22a990]  CompileBroker::compiler_thread_loop+0x2d0  (compileBroker.cpp:2030)
V  [jvm.dll+0x7f9b8c]  JavaThread::run+0x13c  (thread.cpp:1296)
V  [jvm.dll+0x7f3faa]  Thread::call_run+0x8a  (thread.cpp:404)
V  [jvm.dll+0x684165]  thread_native_entry+0x75  (os_windows.cpp:550)
C  [ucrtbase.dll+0x26c0c]
C  [KERNEL32.DLL+0x154e0]
C  [ntdll.dll+0x485b]


---------------  P R O C E S S  ---------------

Threads class SMR info:
_java_thread_list=0x000001484e0b3ce0, length=23, elements={
0x0000014829dc08f0, 0x0000014844218060, 0x0000014844218bf0, 0x00000148442527e0,
0x000001484427cce0, 0x000001484427dbc0, 0x000001484427e6a0, 0x0000014844271a00,
0x00000148442758c0, 0x00000148442781e0, 0x000001484437cdf0, 0x0000014844792070,
0x0000014844cb7bf0, 0x0000014844df9180, 0x0000014844da9d80, 0x000001484d43bd20,
0x000001484d4ae3d0, 0x000001484d500090, 0x000001484d5014d0, 0x000001484d501ef0,
0x000001484d502910, 0x000001484d503330, 0x00000148924520b0
}

Java Threads: ( => current thread )
  0x0000014829dc08f0 JavaThread "main" [_thread_blocked, id=12724, stack(0x00000019a3800000,0x00000019a3900000)]
  0x0000014844218060 JavaThread "Reference Handler" daemon [_thread_blocked, id=12408, stack(0x00000019a4400000,0x00000019a4500000)]
  0x0000014844218bf0 JavaThread "Finalizer" daemon [_thread_blocked, id=13192, stack(0x00000019a4500000,0x00000019a4600000)]
  0x00000148442527e0 JavaThread "Signal Dispatcher" daemon [_thread_blocked, id=18176, stack(0x00000019a4600000,0x00000019a4700000)]
  0x000001484427cce0 JavaThread "Attach Listener" daemon [_thread_blocked, id=5988, stack(0x00000019a4700000,0x00000019a4800000)]
  0x000001484427dbc0 JavaThread "Service Thread" daemon [_thread_blocked, id=10120, stack(0x00000019a4800000,0x00000019a4900000)]
  0x000001484427e6a0 JavaThread "Monitor Deflation Thread" daemon [_thread_blocked, id=12004, stack(0x00000019a4900000,0x00000019a4a00000)]
=>0x0000014844271a00 JavaThread "C2 CompilerThread0" daemon [_thread_in_native, id=6216, stack(0x00000019a4a00000,0x00000019a4b00000)]
  0x00000148442758c0 JavaThread "C1 CompilerThread0" daemon [_thread_blocked, id=3140, stack(0x00000019a4b00000,0x00000019a4c00000)]
  0x00000148442781e0 JavaThread "Sweeper thread" daemon [_thread_blocked, id=17496, stack(0x00000019a4c00000,0x00000019a4d00000)]
  0x000001484437cdf0 JavaThread "Common-Cleaner" daemon [_thread_blocked, id=9248, stack(0x00000019a4d00000,0x00000019a4e00000)]
  0x0000014844792070 JavaThread "Notification Thread" daemon [_thread_blocked, id=18064, stack(0x00000019a5000000,0x00000019a5100000)]
  0x0000014844cb7bf0 JavaThread "QuantumRenderer-0" daemon [_thread_in_native, id=14960, stack(0x00000019a5200000,0x00000019a5300000)]
  0x0000014844df9180 JavaThread "InvokeLaterDispatcher" daemon [_thread_blocked, id=15168, stack(0x00000019a5300000,0x00000019a5400000)]
  0x0000014844da9d80 JavaThread "JavaFX Application Thread" [_thread_in_Java, id=17760, stack(0x00000019a5400000,0x00000019a5500000)]
  0x000001484d43bd20 JavaThread "JavaFX-Launcher" [_thread_blocked, id=17380, stack(0x00000019a5900000,0x00000019a5a00000)]
  0x000001484d4ae3d0 JavaThread "Thread-2" daemon [_thread_in_native, id=15780, stack(0x00000019a5800000,0x00000019a5900000)]
  0x000001484d500090 JavaThread "mysql-cj-abandoned-connection-cleanup" daemon [_thread_blocked, id=13436, stack(0x00000019a5a00000,0x00000019a5b00000)]
  0x000001484d5014d0 JavaThread "Prism Font Disposer" daemon [_thread_blocked, id=12964, stack(0x00000019a4e00000,0x00000019a4f00000)]
  0x000001484d501ef0 JavaThread "Disposer" daemon [_thread_blocked, id=15768, stack(0x00000019a6000000,0x00000019a6100000)]
  0x000001484d502910 JavaThread "HttpClient-1-SelectorManager" daemon [_thread_in_native, id=13308, stack(0x00000019a6500000,0x00000019a6600000)]
  0x000001484d503330 JavaThread "Thread-5" daemon [_thread_in_native, id=1456, stack(0x00000019a7200000,0x00000019a7300000)]
  0x00000148924520b0 JavaThread "Cleaner-0" daemon [_thread_blocked, id=1512, stack(0x00000019a6a00000,0x00000019a6b00000)]

Other Threads:
  0x0000014843c5e530 VMThread "VM Thread" [stack: 0x00000019a4300000,0x00000019a4400000] [id=13708]
  0x0000014829e3dbb0 WatcherThread [stack: 0x00000019a5100000,0x00000019a5200000] [id=15268]
  0x0000014829e17cb0 GCTaskThread "GC Thread#0" [stack: 0x00000019a3900000,0x00000019a3a00000] [id=14116]
  0x000001484d3d6e00 GCTaskThread "GC Thread#1" [stack: 0x00000019a5b00000,0x00000019a5c00000] [id=15592]
  0x000001484d3de1b0 GCTaskThread "GC Thread#2" [stack: 0x00000019a5c00000,0x00000019a5d00000] [id=10456]
  0x000001484d4243e0 GCTaskThread "GC Thread#3" [stack: 0x00000019a5d00000,0x00000019a5e00000] [id=15812]
  0x000001484d3cd760 GCTaskThread "GC Thread#4" [stack: 0x00000019a5e00000,0x00000019a5f00000] [id=8688]
  0x000001484d3d8540 GCTaskThread "GC Thread#5" [stack: 0x00000019a5f00000,0x00000019a6000000] [id=17564]
  0x000001484d607860 GCTaskThread "GC Thread#6" [stack: 0x00000019a6100000,0x00000019a6200000] [id=17420]
  0x000001484da13800 GCTaskThread "GC Thread#7" [stack: 0x00000019a6200000,0x00000019a6300000] [id=4276]
  0x0000014829e2a420 ConcurrentGCThread "G1 Main Marker" [stack: 0x00000019a3f00000,0x00000019a4000000] [id=13684]
  0x0000014829e2b3e0 ConcurrentGCThread "G1 Conc#0" [stack: 0x00000019a4000000,0x00000019a4100000] [id=5556]
  0x000001484da14b40 ConcurrentGCThread "G1 Conc#1" [stack: 0x00000019a6300000,0x00000019a6400000] [id=10136]
  0x0000014829e5d100 ConcurrentGCThread "G1 Refine#0" [stack: 0x00000019a4100000,0x00000019a4200000] [id=17264]
  0x0000014829e5e150 ConcurrentGCThread "G1 Service" [stack: 0x00000019a4200000,0x00000019a4300000] [id=10564]

Threads with active compile tasks:
C2 CompilerThread0   122744 4641       4       com.sun.prism.impl.ps.BaseShaderGraphics::initLCDSampleRT (231 bytes)

VM state: not at safepoint (normal execution)

VM Mutex/Monitor currently owned by a thread: None

Heap address: 0x0000000083000000, size: 2000 MB, Compressed Oops mode: 32-bit

CDS archive(s) not mapped
Compressed class space mapped at: 0x0000000100000000-0x0000000140000000, reserved size: 1073741824
Narrow klass base: 0x0000000000000000, Narrow klass shift: 3, Narrow klass range: 0x140000000

GC Precious Log:
 CPUs: 8 total, 8 available
 Memory: 7993M
 Large Page Support: Disabled
 NUMA Support: Disabled
 Compressed Oops: Enabled (32-bit)
 Heap Region Size: 1M
 Heap Min Capacity: 8M
 Heap Initial Capacity: 126M
 Heap Max Capacity: 2000M
 Pre-touch: Disabled
 Parallel Workers: 8
 Concurrent Workers: 2
 Concurrent Refinement Workers: 8
 Periodic GC: Disabled

Heap:
 garbage-first heap   total 132096K, used 81965K [0x0000000083000000, 0x0000000100000000)
  region size 1024K, 7 young (7168K), 1 survivors (1024K)
 Metaspace       used 36755K, committed 37120K, reserved 1114112K
  class space    used 4414K, committed 4608K, reserved 1048576K

Heap Regions: E=young(eden), S=young(survivor), O=old, HS=humongous(starts), HC=humongous(continues), CS=collection set, F=free, OA=open archive, CA=closed archive, TAMS=top-at-mark-start (previous, next)
|   0|0x0000000083000000, 0x0000000083100000, 0x0000000083100000|100%| O|  |TAMS 0x0000000083100000, 0x0000000083000000| Untracked 
|   1|0x0000000083100000, 0x0000000083200000, 0x0000000083200000|100%| O|  |TAMS 0x0000000083200000, 0x0000000083100000| Untracked 
|   2|0x0000000083200000, 0x0000000083300000, 0x0000000083300000|100%| O|  |TAMS 0x0000000083300000, 0x0000000083200000| Untracked 
|   3|0x0000000083300000, 0x0000000083400000, 0x0000000083400000|100%| O|  |TAMS 0x0000000083400000, 0x0000000083300000| Untracked 
|   4|0x0000000083400000, 0x0000000083500000, 0x0000000083500000|100%| O|  |TAMS 0x0000000083500000, 0x0000000083400000| Untracked 
|   5|0x0000000083500000, 0x0000000083600000, 0x0000000083600000|100%| O|  |TAMS 0x0000000083600000, 0x0000000083500000| Untracked 
|   6|0x0000000083600000, 0x0000000083700000, 0x0000000083700000|100%| O|  |TAMS 0x0000000083700000, 0x0000000083600000| Untracked 
|   7|0x0000000083700000, 0x0000000083800000, 0x0000000083800000|100%| O|  |TAMS 0x0000000083800000, 0x0000000083700000| Untracked 
|   8|0x0000000083800000, 0x0000000083900000, 0x0000000083900000|100%| O|  |TAMS 0x0000000083900000, 0x0000000083800000| Untracked 
|   9|0x0000000083900000, 0x0000000083a00000, 0x0000000083a00000|100%|HS|  |TAMS 0x0000000083a00000, 0x0000000083900000| Complete 
|  10|0x0000000083a00000, 0x0000000083b00000, 0x0000000083b00000|100%|HC|  |TAMS 0x0000000083b00000, 0x0000000083a00000| Complete 
|  11|0x0000000083b00000, 0x0000000083c00000, 0x0000000083c00000|100%| O|  |TAMS 0x0000000083c00000, 0x0000000083b00000| Untracked 
|  12|0x0000000083c00000, 0x0000000083d00000, 0x0000000083d00000|100%| O|  |TAMS 0x0000000083d00000, 0x0000000083c00000| Untracked 
|  13|0x0000000083d00000, 0x0000000083d00000, 0x0000000083e00000|  0%| F|  |TAMS 0x0000000083d00000, 0x0000000083d00000| Untracked 
|  14|0x0000000083e00000, 0x0000000083f00000, 0x0000000083f00000|100%| O|  |TAMS 0x0000000083f00000, 0x0000000083e00000| Untracked 
|  15|0x0000000083f00000, 0x0000000083ff8600, 0x0000000084000000| 97%| O|  |TAMS 0x0000000083ff8600, 0x0000000083f00000| Untracked 
|  16|0x0000000084000000, 0x0000000084000000, 0x0000000084100000|  0%| F|  |TAMS 0x0000000084000000, 0x0000000084000000| Untracked 
|  17|0x0000000084100000, 0x0000000084100000, 0x0000000084200000|  0%| F|  |TAMS 0x0000000084100000, 0x0000000084100000| Untracked 
|  18|0x0000000084200000, 0x0000000084200000, 0x0000000084300000|  0%| F|  |TAMS 0x0000000084200000, 0x0000000084200000| Untracked 
|  19|0x0000000084300000, 0x0000000084300000, 0x0000000084400000|  0%| F|  |TAMS 0x0000000084300000, 0x0000000084300000| Untracked 
|  20|0x0000000084400000, 0x0000000084400000, 0x0000000084500000|  0%| F|  |TAMS 0x0000000084400000, 0x0000000084400000| Untracked 
|  21|0x0000000084500000, 0x0000000084500000, 0x0000000084600000|  0%| F|  |TAMS 0x0000000084500000, 0x0000000084500000| Untracked 
|  22|0x0000000084600000, 0x0000000084600000, 0x0000000084700000|  0%| F|  |TAMS 0x0000000084600000, 0x0000000084600000| Untracked 
|  23|0x0000000084700000, 0x0000000084700000, 0x0000000084800000|  0%| F|  |TAMS 0x0000000084700000, 0x0000000084700000| Untracked 
|  24|0x0000000084800000, 0x0000000084800000, 0x0000000084900000|  0%| F|  |TAMS 0x0000000084800000, 0x0000000084800000| Untracked 
|  25|0x0000000084900000, 0x0000000084a00000, 0x0000000084a00000|100%|HS|  |TAMS 0x0000000084a00000, 0x0000000084900000| Complete 
|  26|0x0000000084a00000, 0x0000000084b00000, 0x0000000084b00000|100%|HC|  |TAMS 0x0000000084b00000, 0x0000000084a00000| Complete 
|  27|0x0000000084b00000, 0x0000000084c00000, 0x0000000084c00000|100%|HC|  |TAMS 0x0000000084c00000, 0x0000000084b00000| Complete 
|  28|0x0000000084c00000, 0x0000000084d00000, 0x0000000084d00000|100%|HC|  |TAMS 0x0000000084d00000, 0x0000000084c00000| Complete 
|  29|0x0000000084d00000, 0x0000000084e00000, 0x0000000084e00000|100%|HC|  |TAMS 0x0000000084e00000, 0x0000000084d00000| Complete 
|  30|0x0000000084e00000, 0x0000000084f00000, 0x0000000084f00000|100%|HC|  |TAMS 0x0000000084f00000, 0x0000000084e00000| Complete 
|  31|0x0000000084f00000, 0x0000000085000000, 0x0000000085000000|100%|HC|  |TAMS 0x0000000085000000, 0x0000000084f00000| Complete 
|  32|0x0000000085000000, 0x0000000085100000, 0x0000000085100000|100%|HC|  |TAMS 0x0000000085100000, 0x0000000085000000| Complete 
|  33|0x0000000085100000, 0x0000000085200000, 0x0000000085200000|100%|HC|  |TAMS 0x0000000085200000, 0x0000000085100000| Complete 
|  34|0x0000000085200000, 0x0000000085300000, 0x0000000085300000|100%|HC|  |TAMS 0x0000000085300000, 0x0000000085200000| Complete 
|  35|0x0000000085300000, 0x0000000085400000, 0x0000000085400000|100%|HC|  |TAMS 0x0000000085400000, 0x0000000085300000| Complete 
|  36|0x0000000085400000, 0x0000000085500000, 0x0000000085500000|100%|HC|  |TAMS 0x0000000085500000, 0x0000000085400000| Complete 
|  37|0x0000000085500000, 0x0000000085600000, 0x0000000085600000|100%|HC|  |TAMS 0x0000000085600000, 0x0000000085500000| Complete 
|  38|0x0000000085600000, 0x0000000085700000, 0x0000000085700000|100%|HC|  |TAMS 0x0000000085700000, 0x0000000085600000| Complete 
|  39|0x0000000085700000, 0x0000000085800000, 0x0000000085800000|100%|HC|  |TAMS 0x0000000085800000, 0x0000000085700000| Complete 
|  40|0x0000000085800000, 0x0000000085900000, 0x0000000085900000|100%|HC|  |TAMS 0x0000000085900000, 0x0000000085800000| Complete 
|  41|0x0000000085900000, 0x0000000085a00000, 0x0000000085a00000|100%|HC|  |TAMS 0x0000000085a00000, 0x0000000085900000| Complete 
|  42|0x0000000085a00000, 0x0000000085b00000, 0x0000000085b00000|100%|HC|  |TAMS 0x0000000085b00000, 0x0000000085a00000| Complete 
|  43|0x0000000085b00000, 0x0000000085c00000, 0x0000000085c00000|100%|HC|  |TAMS 0x0000000085c00000, 0x0000000085b00000| Complete 
|  44|0x0000000085c00000, 0x0000000085d00000, 0x0000000085d00000|100%|HC|  |TAMS 0x0000000085d00000, 0x0000000085c00000| Complete 
|  45|0x0000000085d00000, 0x0000000085e00000, 0x0000000085e00000|100%|HC|  |TAMS 0x0000000085e00000, 0x0000000085d00000| Complete 
|  46|0x0000000085e00000, 0x0000000085f00000, 0x0000000085f00000|100%|HC|  |TAMS 0x0000000085f00000, 0x0000000085e00000| Complete 
|  47|0x0000000085f00000, 0x0000000086000000, 0x0000000086000000|100%|HC|  |TAMS 0x0000000086000000, 0x0000000085f00000| Complete 
|  48|0x0000000086000000, 0x0000000086100000, 0x0000000086100000|100%|HC|  |TAMS 0x0000000086100000, 0x0000000086000000| Complete 
|  49|0x0000000086100000, 0x0000000086200000, 0x0000000086200000|100%|HC|  |TAMS 0x0000000086200000, 0x0000000086100000| Complete 
|  50|0x0000000086200000, 0x0000000086300000, 0x0000000086300000|100%|HC|  |TAMS 0x0000000086300000, 0x0000000086200000| Complete 
|  51|0x0000000086300000, 0x0000000086400000, 0x0000000086400000|100%|HC|  |TAMS 0x0000000086400000, 0x0000000086300000| Complete 
|  52|0x0000000086400000, 0x0000000086500000, 0x0000000086500000|100%|HC|  |TAMS 0x0000000086500000, 0x0000000086400000| Complete 
|  53|0x0000000086500000, 0x0000000086600000, 0x0000000086600000|100%|HC|  |TAMS 0x0000000086600000, 0x0000000086500000| Complete 
|  54|0x0000000086600000, 0x0000000086700000, 0x0000000086700000|100%|HC|  |TAMS 0x0000000086700000, 0x0000000086600000| Complete 
|  55|0x0000000086700000, 0x0000000086800000, 0x0000000086800000|100%|HC|  |TAMS 0x0000000086800000, 0x0000000086700000| Complete 
|  56|0x0000000086800000, 0x0000000086900000, 0x0000000086900000|100%|HC|  |TAMS 0x0000000086900000, 0x0000000086800000| Complete 
|  57|0x0000000086900000, 0x0000000086a00000, 0x0000000086a00000|100%|HC|  |TAMS 0x0000000086a00000, 0x0000000086900000| Complete 
|  58|0x0000000086a00000, 0x0000000086b00000, 0x0000000086b00000|100%|HC|  |TAMS 0x0000000086b00000, 0x0000000086a00000| Complete 
|  59|0x0000000086b00000, 0x0000000086c00000, 0x0000000086c00000|100%|HC|  |TAMS 0x0000000086c00000, 0x0000000086b00000| Complete 
|  60|0x0000000086c00000, 0x0000000086d00000, 0x0000000086d00000|100%|HC|  |TAMS 0x0000000086d00000, 0x0000000086c00000| Complete 
|  61|0x0000000086d00000, 0x0000000086e00000, 0x0000000086e00000|100%|HC|  |TAMS 0x0000000086e00000, 0x0000000086d00000| Complete 
|  62|0x0000000086e00000, 0x0000000086f00000, 0x0000000086f00000|100%|HC|  |TAMS 0x0000000086f00000, 0x0000000086e00000| Complete 
|  63|0x0000000086f00000, 0x0000000087000000, 0x0000000087000000|100%|HC|  |TAMS 0x0000000087000000, 0x0000000086f00000| Complete 
|  64|0x0000000087000000, 0x0000000087100000, 0x0000000087100000|100%|HC|  |TAMS 0x0000000087100000, 0x0000000087000000| Complete 
|  65|0x0000000087100000, 0x0000000087200000, 0x0000000087200000|100%|HC|  |TAMS 0x0000000087200000, 0x0000000087100000| Complete 
|  66|0x0000000087200000, 0x0000000087300000, 0x0000000087300000|100%|HC|  |TAMS 0x0000000087300000, 0x0000000087200000| Complete 
|  67|0x0000000087300000, 0x0000000087400000, 0x0000000087400000|100%|HC|  |TAMS 0x0000000087400000, 0x0000000087300000| Complete 
|  68|0x0000000087400000, 0x0000000087500000, 0x0000000087500000|100%|HC|  |TAMS 0x0000000087500000, 0x0000000087400000| Complete 
|  69|0x0000000087500000, 0x0000000087600000, 0x0000000087600000|100%|HC|  |TAMS 0x0000000087600000, 0x0000000087500000| Complete 
|  70|0x0000000087600000, 0x0000000087700000, 0x0000000087700000|100%|HC|  |TAMS 0x0000000087700000, 0x0000000087600000| Complete 
|  71|0x0000000087700000, 0x0000000087800000, 0x0000000087800000|100%|HC|  |TAMS 0x0000000087800000, 0x0000000087700000| Complete 
|  72|0x0000000087800000, 0x0000000087900000, 0x0000000087900000|100%|HC|  |TAMS 0x0000000087900000, 0x0000000087800000| Complete 
|  73|0x0000000087900000, 0x0000000087a00000, 0x0000000087a00000|100%|HC|  |TAMS 0x0000000087a00000, 0x0000000087900000| Complete 
|  74|0x0000000087a00000, 0x0000000087b00000, 0x0000000087b00000|100%|HC|  |TAMS 0x0000000087b00000, 0x0000000087a00000| Complete 
|  75|0x0000000087b00000, 0x0000000087c00000, 0x0000000087c00000|100%|HC|  |TAMS 0x0000000087c00000, 0x0000000087b00000| Complete 
|  76|0x0000000087c00000, 0x0000000087d00000, 0x0000000087d00000|100%|HC|  |TAMS 0x0000000087d00000, 0x0000000087c00000| Complete 
|  77|0x0000000087d00000, 0x0000000087e00000, 0x0000000087e00000|100%|HC|  |TAMS 0x0000000087e00000, 0x0000000087d00000| Complete 
|  78|0x0000000087e00000, 0x0000000087f00000, 0x0000000087f00000|100%|HC|  |TAMS 0x0000000087f00000, 0x0000000087e00000| Complete 
|  79|0x0000000087f00000, 0x0000000088000000, 0x0000000088000000|100%|HC|  |TAMS 0x0000000088000000, 0x0000000087f00000| Complete 
|  80|0x0000000088000000, 0x0000000088100000, 0x0000000088100000|100%|HC|  |TAMS 0x0000000088100000, 0x0000000088000000| Complete 
|  81|0x0000000088100000, 0x0000000088200000, 0x0000000088200000|100%|HC|  |TAMS 0x0000000088200000, 0x0000000088100000| Complete 
|  82|0x0000000088200000, 0x0000000088300000, 0x0000000088300000|100%|HC|  |TAMS 0x0000000088300000, 0x0000000088200000| Complete 
|  83|0x0000000088300000, 0x0000000088400000, 0x0000000088400000|100%|HC|  |TAMS 0x0000000088400000, 0x0000000088300000| Complete 
|  84|0x0000000088400000, 0x0000000088500000, 0x0000000088500000|100%|HC|  |TAMS 0x0000000088500000, 0x0000000088400000| Complete 
|  85|0x0000000088500000, 0x0000000088500000, 0x0000000088600000|  0%| F|  |TAMS 0x0000000088500000, 0x0000000088500000| Untracked 
|  86|0x0000000088600000, 0x0000000088600000, 0x0000000088700000|  0%| F|  |TAMS 0x0000000088600000, 0x0000000088600000| Untracked 
|  87|0x0000000088700000, 0x0000000088700000, 0x0000000088800000|  0%| F|  |TAMS 0x0000000088700000, 0x0000000088700000| Untracked 
|  88|0x0000000088800000, 0x0000000088800000, 0x0000000088900000|  0%| F|  |TAMS 0x0000000088800000, 0x0000000088800000| Untracked 
|  89|0x0000000088900000, 0x0000000088900000, 0x0000000088a00000|  0%| F|  |TAMS 0x0000000088900000, 0x0000000088900000| Untracked 
|  90|0x0000000088a00000, 0x0000000088a00000, 0x0000000088b00000|  0%| F|  |TAMS 0x0000000088a00000, 0x0000000088a00000| Untracked 
|  91|0x0000000088b00000, 0x0000000088b00000, 0x0000000088c00000|  0%| F|  |TAMS 0x0000000088b00000, 0x0000000088b00000| Untracked 
|  92|0x0000000088c00000, 0x0000000088c00000, 0x0000000088d00000|  0%| F|  |TAMS 0x0000000088c00000, 0x0000000088c00000| Untracked 
|  93|0x0000000088d00000, 0x0000000088d12f58, 0x0000000088e00000|  7%| S|CS|TAMS 0x0000000088d00000, 0x0000000088d00000| Complete 
|  94|0x0000000088e00000, 0x0000000088e00000, 0x0000000088f00000|  0%| F|  |TAMS 0x0000000088e00000, 0x0000000088e00000| Untracked 
|  95|0x0000000088f00000, 0x0000000088f00000, 0x0000000089000000|  0%| F|  |TAMS 0x0000000088f00000, 0x0000000088f00000| Untracked 
|  96|0x0000000089000000, 0x0000000089000000, 0x0000000089100000|  0%| F|  |TAMS 0x0000000089000000, 0x0000000089000000| Untracked 
|  97|0x0000000089100000, 0x0000000089100000, 0x0000000089200000|  0%| F|  |TAMS 0x0000000089100000, 0x0000000089100000| Untracked 
|  98|0x0000000089200000, 0x0000000089200000, 0x0000000089300000|  0%| F|  |TAMS 0x0000000089200000, 0x0000000089200000| Untracked 
|  99|0x0000000089300000, 0x0000000089300000, 0x0000000089400000|  0%| F|  |TAMS 0x0000000089300000, 0x0000000089300000| Untracked 
| 100|0x0000000089400000, 0x0000000089400000, 0x0000000089500000|  0%| F|  |TAMS 0x0000000089400000, 0x0000000089400000| Untracked 
| 101|0x0000000089500000, 0x0000000089500000, 0x0000000089600000|  0%| F|  |TAMS 0x0000000089500000, 0x0000000089500000| Untracked 
| 102|0x0000000089600000, 0x0000000089600000, 0x0000000089700000|  0%| F|  |TAMS 0x0000000089600000, 0x0000000089600000| Untracked 
| 103|0x0000000089700000, 0x0000000089700000, 0x0000000089800000|  0%| F|  |TAMS 0x0000000089700000, 0x0000000089700000| Untracked 
| 104|0x0000000089800000, 0x0000000089800000, 0x0000000089900000|  0%| F|  |TAMS 0x0000000089800000, 0x0000000089800000| Untracked 
| 105|0x0000000089900000, 0x0000000089900000, 0x0000000089a00000|  0%| F|  |TAMS 0x0000000089900000, 0x0000000089900000| Untracked 
| 106|0x0000000089a00000, 0x0000000089a00000, 0x0000000089b00000|  0%| F|  |TAMS 0x0000000089a00000, 0x0000000089a00000| Untracked 
| 107|0x0000000089b00000, 0x0000000089b00000, 0x0000000089c00000|  0%| F|  |TAMS 0x0000000089b00000, 0x0000000089b00000| Untracked 
| 108|0x0000000089c00000, 0x0000000089c00000, 0x0000000089d00000|  0%| F|  |TAMS 0x0000000089c00000, 0x0000000089c00000| Untracked 
| 109|0x0000000089d00000, 0x0000000089d00000, 0x0000000089e00000|  0%| F|  |TAMS 0x0000000089d00000, 0x0000000089d00000| Untracked 
| 110|0x0000000089e00000, 0x0000000089e00000, 0x0000000089f00000|  0%| F|  |TAMS 0x0000000089e00000, 0x0000000089e00000| Untracked 
| 111|0x0000000089f00000, 0x0000000089f00000, 0x000000008a000000|  0%| F|  |TAMS 0x0000000089f00000, 0x0000000089f00000| Untracked 
| 112|0x000000008a000000, 0x000000008a000000, 0x000000008a100000|  0%| F|  |TAMS 0x000000008a000000, 0x000000008a000000| Untracked 
| 113|0x000000008a100000, 0x000000008a100000, 0x000000008a200000|  0%| F|  |TAMS 0x000000008a100000, 0x000000008a100000| Untracked 
| 114|0x000000008a200000, 0x000000008a200000, 0x000000008a300000|  0%| F|  |TAMS 0x000000008a200000, 0x000000008a200000| Untracked 
| 115|0x000000008a300000, 0x000000008a300000, 0x000000008a400000|  0%| F|  |TAMS 0x000000008a300000, 0x000000008a300000| Untracked 
| 116|0x000000008a400000, 0x000000008a400000, 0x000000008a500000|  0%| F|  |TAMS 0x000000008a400000, 0x000000008a400000| Untracked 
| 117|0x000000008a500000, 0x000000008a500000, 0x000000008a600000|  0%| F|  |TAMS 0x000000008a500000, 0x000000008a500000| Untracked 
| 118|0x000000008a600000, 0x000000008a600000, 0x000000008a700000|  0%| F|  |TAMS 0x000000008a600000, 0x000000008a600000| Untracked 
| 119|0x000000008a700000, 0x000000008a700000, 0x000000008a800000|  0%| F|  |TAMS 0x000000008a700000, 0x000000008a700000| Untracked 
| 120|0x000000008a800000, 0x000000008a800000, 0x000000008a900000|  0%| F|  |TAMS 0x000000008a800000, 0x000000008a800000| Untracked 
| 121|0x000000008a900000, 0x000000008a900000, 0x000000008aa00000|  0%| F|  |TAMS 0x000000008a900000, 0x000000008a900000| Untracked 
| 122|0x000000008aa00000, 0x000000008aa00000, 0x000000008ab00000|  0%| F|  |TAMS 0x000000008aa00000, 0x000000008aa00000| Untracked 
| 123|0x000000008ab00000, 0x000000008abab970, 0x000000008ac00000| 67%| E|  |TAMS 0x000000008ab00000, 0x000000008ab00000| Complete 
| 124|0x000000008ac00000, 0x000000008ad00000, 0x000000008ad00000|100%| E|CS|TAMS 0x000000008ac00000, 0x000000008ac00000| Complete 
| 125|0x000000008ad00000, 0x000000008ae00000, 0x000000008ae00000|100%| E|CS|TAMS 0x000000008ad00000, 0x000000008ad00000| Complete 
| 126|0x000000008ae00000, 0x000000008af00000, 0x000000008af00000|100%| E|CS|TAMS 0x000000008ae00000, 0x000000008ae00000| Complete 
| 127|0x000000008af00000, 0x000000008b000000, 0x000000008b000000|100%| E|CS|TAMS 0x000000008af00000, 0x000000008af00000| Complete 
| 128|0x000000008b000000, 0x000000008b100000, 0x000000008b100000|100%| E|CS|TAMS 0x000000008b000000, 0x000000008b000000| Complete 

Card table byte_map: [0x000001483cfc0000,0x000001483d3b0000] _byte_map_base: 0x000001483cba8000

Marking Bits (Prev, Next): (CMBitMap*) 0x0000014829e180e0, (CMBitMap*) 0x0000014829e18120
 Prev Bits: [0x000001483d7a0000, 0x000001483f6e0000)
 Next Bits: [0x000001483f6e0000, 0x0000014841620000)

Polling page: 0x0000014827d90000

Metaspace:

Usage:
  Non-class:     31.58 MB used.
      Class:      4.31 MB used.
       Both:     35.89 MB used.

Virtual space:
  Non-class space:       64.00 MB reserved,      31.75 MB ( 50%) committed,  1 nodes.
      Class space:        1.00 GB reserved,       4.50 MB ( <1%) committed,  1 nodes.
             Both:        1.06 GB reserved,      36.25 MB (  3%) committed. 

Chunk freelists:
   Non-Class:  15.41 MB
       Class:  11.55 MB
        Both:  26.95 MB

MaxMetaspaceSize: unlimited
CompressedClassSpaceSize: 1.00 GB
Initial GC threshold: 21.00 MB
Current GC threshold: 60.31 MB
CDS: off
MetaspaceReclaimPolicy: balanced
 - commit_granule_bytes: 65536.
 - commit_granule_words: 8192.
 - virtual_space_node_default_size: 8388608.
 - enlarge_chunks_in_place: 1.
 - new_chunks_are_fully_committed: 0.
 - uncommit_free_chunks: 1.
 - use_allocation_guard: 0.
 - handle_deallocations: 1.


Internal statistics:

num_allocs_failed_limit: 3.
num_arena_births: 412.
num_arena_deaths: 0.
num_vsnodes_births: 2.
num_vsnodes_deaths: 0.
num_space_committed: 580.
num_space_uncommitted: 0.
num_chunks_returned_to_freelist: 3.
num_chunks_taken_from_freelist: 1209.
num_chunk_merges: 3.
num_chunk_splits: 806.
num_chunks_enlarged: 557.
num_inconsistent_stats: 0.

CodeHeap 'non-profiled nmethods': size=120000Kb used=2662Kb max_used=2662Kb free=117337Kb
 bounds [0x0000014835040000, 0x00000148352e0000, 0x000001483c570000]
CodeHeap 'profiled nmethods': size=120000Kb used=8670Kb max_used=8670Kb free=111329Kb
 bounds [0x000001482d570000, 0x000001482ddf0000, 0x0000014834aa0000]
CodeHeap 'non-nmethods': size=5760Kb used=1553Kb max_used=1624Kb free=4206Kb
 bounds [0x0000014834aa0000, 0x0000014834d10000, 0x0000014835040000]
 total_blobs=5590 nmethods=4644 adapters=858
 compilation: enabled
              stopped_count=0, restarted_count=0
 full_count=0

Compilation events (20 events):
Event: 80.394 Thread 0x0000014844271a00 nmethod 4631 0x00000148352ce210 code [0x00000148352ce3a0, 0x00000148352ce6b8]
Event: 81.351 Thread 0x0000014844271a00 4632       4       java.util.concurrent.ThreadPoolExecutor$Worker::lock (6 bytes)
Event: 81.358 Thread 0x0000014844271a00 nmethod 4632 0x00000148352ce790 code [0x00000148352ce900, 0x00000148352cea98]
Event: 81.358 Thread 0x0000014844271a00 4633   !   4       java.util.concurrent.ThreadPoolExecutor::getTask (177 bytes)
Event: 85.466 Thread 0x0000014844271a00 nmethod 4633 0x00000148352ceb90 code [0x00000148352cee00, 0x00000148352d0bc0]
Event: 85.466 Thread 0x0000014844271a00 4634   !   4       java.util.concurrent.LinkedBlockingQueue::take (91 bytes)
Event: 88.585 Thread 0x0000014844271a00 nmethod 4634 0x00000148352d1d90 code [0x00000148352d1fe0, 0x00000148352d3ac0]
Event: 89.586 Thread 0x0000014844271a00 4635       4       com.sun.javafx.tk.quantum.QuantumToolkit$$Lambda$92/0x0000000100109cf0::run (8 bytes)
Event: 89.597 Thread 0x0000014844271a00 nmethod 4635 0x00000148352d4990 code [0x00000148352d4b40, 0x00000148352d4df8]
Event: 89.860 Thread 0x0000014844271a00 4636   !   4       com.sun.javafx.tk.quantum.QuantumToolkit::addRenderJob (72 bytes)
Event: 89.863 Thread 0x0000014844271a00 nmethod 4636 0x00000148352d5190 code [0x00000148352d5320, 0x00000148352d5448]
Event: 89.881 Thread 0x0000014844271a00 4637       4       com.sun.javafx.tk.quantum.QuantumRenderer::afterExecute (31 bytes)
Event: 89.883 Thread 0x0000014844271a00 nmethod 4637 0x00000148352d5610 code [0x00000148352d5780, 0x00000148352d5818]
Event: 89.883 Thread 0x0000014844271a00 4638       4       com.sun.javafx.webkit.prism.WCGraphicsPrismContext::<init> (78 bytes)
Event: 90.964 Thread 0x0000014844271a00 nmethod 4638 0x00000148352d5910 code [0x00000148352d5c60, 0x00000148352d7898]
Event: 90.964 Thread 0x0000014844271a00 4640       4       com.sun.javafx.webkit.prism.WCGraphicsPrismContext::flush (22 bytes)
Event: 90.968 Thread 0x0000014844271a00 nmethod 4640 0x00000148352d8290 code [0x00000148352d8460, 0x00000148352d8868]
Event: 90.969 Thread 0x0000014844271a00 4639       4       com.sun.javafx.webkit.prism.WCGraphicsPrismContext$ContextState::<init> (90 bytes)
Event: 90.982 Thread 0x0000014844271a00 nmethod 4639 0x00000148352d8d90 code [0x00000148352d8f60, 0x00000148352d98b8]
Event: 91.432 Thread 0x0000014844271a00 4641       4       com.sun.prism.impl.ps.BaseShaderGraphics::initLCDSampleRT (231 bytes)

GC Heap History (20 events):
Event: 1.873 GC heap before
{Heap before GC invocations=3 (full 0):
 garbage-first heap   total 30720K, used 21232K [0x0000000083000000, 0x0000000100000000)
  region size 1024K, 19 young (19456K), 4 survivors (4096K)
 Metaspace       used 26701K, committed 27008K, reserved 1114112K
  class space    used 3092K, committed 3264K, reserved 1048576K
}
Event: 1.877 GC heap after
{Heap after GC invocations=4 (full 0):
 garbage-first heap   total 30720K, used 9845K [0x0000000083000000, 0x0000000100000000)
  region size 1024K, 3 young (3072K), 3 survivors (3072K)
 Metaspace       used 26701K, committed 27008K, reserved 1114112K
  class space    used 3092K, committed 3264K, reserved 1048576K
}
Event: 1.905 GC heap before
{Heap before GC invocations=4 (full 0):
 garbage-first heap   total 30720K, used 10869K [0x0000000083000000, 0x0000000100000000)
  region size 1024K, 4 young (4096K), 3 survivors (3072K)
 Metaspace       used 27441K, committed 27712K, reserved 1114112K
  class space    used 3174K, committed 3328K, reserved 1048576K
}
Event: 1.907 GC heap after
{Heap after GC invocations=5 (full 0):
 garbage-first heap   total 30720K, used 10506K [0x0000000083000000, 0x0000000100000000)
  region size 1024K, 1 young (1024K), 1 survivors (1024K)
 Metaspace       used 27441K, committed 27712K, reserved 1114112K
  class space    used 3174K, committed 3328K, reserved 1048576K
}
Event: 2.915 GC heap before
{Heap before GC invocations=5 (full 0):
 garbage-first heap   total 30720K, used 20746K [0x0000000083000000, 0x0000000100000000)
  region size 1024K, 11 young (11264K), 1 survivors (1024K)
 Metaspace       used 31734K, committed 32064K, reserved 1114112K
  class space    used 3744K, committed 3904K, reserved 1048576K
}
Event: 2.917 GC heap after
{Heap after GC invocations=6 (full 0):
 garbage-first heap   total 30720K, used 11659K [0x0000000083000000, 0x0000000100000000)
  region size 1024K, 2 young (2048K), 2 survivors (2048K)
 Metaspace       used 31734K, committed 32064K, reserved 1114112K
  class space    used 3744K, committed 3904K, reserved 1048576K
}
Event: 3.076 GC heap before
{Heap before GC invocations=6 (full 0):
 garbage-first heap   total 30720K, used 15755K [0x0000000083000000, 0x0000000100000000)
  region size 1024K, 7 young (7168K), 2 survivors (2048K)
 Metaspace       used 32759K, committed 33088K, reserved 1114112K
  class space    used 3922K, committed 4096K, reserved 1048576K
}
Event: 3.078 GC heap after
{Heap after GC invocations=7 (full 0):
 garbage-first heap   total 30720K, used 11965K [0x0000000083000000, 0x0000000100000000)
  region size 1024K, 1 young (1024K), 1 survivors (1024K)
 Metaspace       used 32759K, committed 33088K, reserved 1114112K
  class space    used 3922K, committed 4096K, reserved 1048576K
}
Event: 3.591 GC heap before
{Heap before GC invocations=7 (full 0):
 garbage-first heap   total 92160K, used 82621K [0x0000000083000000, 0x0000000100000000)
  region size 1024K, 10 young (10240K), 1 survivors (1024K)
 Metaspace       used 34809K, committed 35200K, reserved 1114112K
  class space    used 4294K, committed 4480K, reserved 1048576K
}
Event: 3.593 GC heap after
{Heap after GC invocations=8 (full 0):
 garbage-first heap   total 119808K, used 73985K [0x0000000083000000, 0x0000000100000000)
  region size 1024K, 1 young (1024K), 1 survivors (1024K)
 Metaspace       used 34809K, committed 35200K, reserved 1114112K
  class space    used 4294K, committed 4480K, reserved 1048576K
}
Event: 3.616 GC heap before
{Heap before GC invocations=8 (full 0):
 garbage-first heap   total 119808K, used 75009K [0x0000000083000000, 0x0000000100000000)
  region size 1024K, 3 young (3072K), 1 survivors (1024K)
 Metaspace       used 35169K, committed 35520K, reserved 1114112K
  class space    used 4332K, committed 4480K, reserved 1048576K
}
Event: 3.618 GC heap after
{Heap after GC invocations=9 (full 0):
 garbage-first heap   total 119808K, used 74452K [0x0000000083000000, 0x0000000100000000)
  region size 1024K, 2 young (2048K), 2 survivors (2048K)
 Metaspace       used 35169K, committed 35520K, reserved 1114112K
  class space    used 4332K, committed 4480K, reserved 1048576K
}
Event: 16.638 GC heap before
{Heap before GC invocations=10 (full 0):
 garbage-first heap   total 132096K, used 98004K [0x0000000083000000, 0x0000000100000000)
  region size 1024K, 24 young (24576K), 2 survivors (2048K)
 Metaspace       used 36276K, committed 36608K, reserved 1114112K
  class space    used 4365K, committed 4544K, reserved 1048576K
}
Event: 16.645 GC heap after
{Heap after GC invocations=11 (full 0):
 garbage-first heap   total 132096K, used 77031K [0x0000000083000000, 0x0000000100000000)
  region size 1024K, 2 young (2048K), 2 survivors (2048K)
 Metaspace       used 36276K, committed 36608K, reserved 1114112K
  class space    used 4365K, committed 4544K, reserved 1048576K
}
Event: 19.697 GC heap before
{Heap before GC invocations=11 (full 0):
 garbage-first heap   total 132096K, used 81127K [0x0000000083000000, 0x0000000100000000)
  region size 1024K, 6 young (6144K), 2 survivors (2048K)
 Metaspace       used 36280K, committed 36608K, reserved 1114112K
  class space    used 4365K, committed 4544K, reserved 1048576K
}
Event: 19.706 GC heap after
{Heap after GC invocations=12 (full 0):
 garbage-first heap   total 132096K, used 76953K [0x0000000083000000, 0x0000000100000000)
  region size 1024K, 1 young (1024K), 1 survivors (1024K)
 Metaspace       used 36280K, committed 36608K, reserved 1114112K
  class space    used 4365K, committed 4544K, reserved 1048576K
}
Event: 42.279 GC heap before
{Heap before GC invocations=12 (full 0):
 garbage-first heap   total 132096K, used 107673K [0x0000000083000000, 0x0000000100000000)
  region size 1024K, 31 young (31744K), 1 survivors (1024K)
 Metaspace       used 36716K, committed 37056K, reserved 1114112K
  class space    used 4411K, committed 4608K, reserved 1048576K
}
Event: 42.284 GC heap after
{Heap after GC invocations=13 (full 0):
 garbage-first heap   total 132096K, used 76831K [0x0000000083000000, 0x0000000100000000)
  region size 1024K, 1 young (1024K), 1 survivors (1024K)
 Metaspace       used 36716K, committed 37056K, reserved 1114112K
  class space    used 4411K, committed 4608K, reserved 1048576K
}
Event: 80.064 GC heap before
{Heap before GC invocations=14 (full 0):
 garbage-first heap   total 132096K, used 112671K [0x0000000083000000, 0x0000000100000000)
  region size 1024K, 36 young (36864K), 1 survivors (1024K)
 Metaspace       used 36752K, committed 37120K, reserved 1114112K
  class space    used 4414K, committed 4608K, reserved 1048576K
}
Event: 80.067 GC heap after
{Heap after GC invocations=15 (full 0):
 garbage-first heap   total 132096K, used 76847K [0x0000000083000000, 0x0000000100000000)
  region size 1024K, 1 young (1024K), 1 survivors (1024K)
 Metaspace       used 36752K, committed 37120K, reserved 1114112K
  class space    used 4414K, committed 4608K, reserved 1048576K
}

Dll operation events (2 events):
Event: 0.006 Loaded shared library C:\Users\helio\.jdks\jbr-17.0.8.1\bin\java.dll
Event: 0.028 Loaded shared library C:\Users\helio\.jdks\jbr-17.0.8.1\bin\jsvml.dll

Deoptimization events (20 events):
Event: 29.987 Thread 0x0000014844cb7bf0 Uncommon trap: trap_request=0xffffff45 fr.pc=0x00000148351f5f44 relative=0x00000000000002e4
Event: 29.987 Thread 0x0000014844cb7bf0 Uncommon trap: reason=unstable_if action=reinterpret pc=0x00000148351f5f44 method=com.sun.javafx.sg.prism.NGGroup.renderContent(Lcom/sun/prism/Graphics;)V @ 21 c2
Event: 29.988 Thread 0x0000014844cb7bf0 DEOPT PACKING pc=0x00000148351f5f44 sp=0x00000019a52fe8e0
Event: 29.988 Thread 0x0000014844cb7bf0 DEOPT UNPACKING pc=0x0000014834af69a3 sp=0x00000019a52fe828 mode 2
Event: 29.989 Thread 0x0000014844cb7bf0 Uncommon trap: trap_request=0xffffff45 fr.pc=0x00000148352481f0 relative=0x00000000000009d0
Event: 29.989 Thread 0x0000014844cb7bf0 Uncommon trap: reason=unstable_if action=reinterpret pc=0x00000148352481f0 method=com.sun.scenario.effect.impl.prism.PrEffectHelper.getGraphicsClipNoClone(Lcom/sun/prism/Graphics;)Lcom/sun/javafx/geom/Rectangle; @ 8 c2
Event: 29.990 Thread 0x0000014844cb7bf0 DEOPT PACKING pc=0x00000148352481f0 sp=0x00000019a52fe340
Event: 29.990 Thread 0x0000014844cb7bf0 DEOPT UNPACKING pc=0x0000014834af69a3 sp=0x00000019a52fe1e8 mode 2
Event: 30.691 Thread 0x0000014844da9d80 Uncommon trap: trap_request=0xffffff5c fr.pc=0x000001483526b108 relative=0x0000000000000f28
Event: 30.691 Thread 0x0000014844da9d80 Uncommon trap: reason=speculate_null_check action=make_not_entrant pc=0x000001483526b108 method=java.util.concurrent.locks.AbstractQueuedSynchronizer.acquire(Ljava/util/concurrent/locks/AbstractQueuedSynchronizer$Node;IZZZJ)I @ 254 c2
Event: 30.691 Thread 0x0000014844da9d80 DEOPT PACKING pc=0x000001483526b108 sp=0x00000019a54fe300
Event: 30.691 Thread 0x0000014844da9d80 DEOPT UNPACKING pc=0x0000014834af69a3 sp=0x00000019a54fe290 mode 2
Event: 39.710 Thread 0x0000014844da9d80 Uncommon trap: trap_request=0xffffff45 fr.pc=0x000001483528135c relative=0x000000000000011c
Event: 39.710 Thread 0x0000014844da9d80 Uncommon trap: reason=unstable_if action=reinterpret pc=0x000001483528135c method=javafx.scene.layout.Region.doPickNodeLocal(Lcom/sun/javafx/geom/PickRay;Lcom/sun/javafx/scene/input/PickResultChooser;)V @ 19 c2
Event: 39.711 Thread 0x0000014844da9d80 DEOPT PACKING pc=0x000001483528135c sp=0x00000019a54fdc00
Event: 39.711 Thread 0x0000014844da9d80 DEOPT UNPACKING pc=0x0000014834af69a3 sp=0x00000019a54fdaa8 mode 2
Event: 58.935 Thread 0x0000014844cb7bf0 Uncommon trap: trap_request=0xffffff45 fr.pc=0x00000148352b004c relative=0x000000000000124c
Event: 58.935 Thread 0x0000014844cb7bf0 Uncommon trap: reason=unstable_if action=reinterpret pc=0x00000148352b004c method=com.sun.prism.impl.ps.BaseShaderContext.validateLCDBuffer(Lcom/sun/prism/RenderTarget;)V @ 48 c2
Event: 58.935 Thread 0x0000014844cb7bf0 DEOPT PACKING pc=0x00000148352b004c sp=0x00000019a52fe4b0
Event: 58.935 Thread 0x0000014844cb7bf0 DEOPT UNPACKING pc=0x0000014834af69a3 sp=0x00000019a52fe3f0 mode 2

Classes unloaded (0 events):
No events

Classes redefined (0 events):
No events

Internal exceptions (20 events):
Event: 1.738 Thread 0x0000014844da9d80 Exception <a 'java/lang/NoSuchMethodError'{0x00000000840a94a0}: 'int java.lang.invoke.DirectMethodHandle$Holder.invokeStaticInit(java.lang.Object, java.lang.Object, java.lang.Object, java.lang.Object)'> (0x00000000840a94a0) 
thrown [s\src\hotspot\share\interpreter\linkResolver.cpp, line 771]
Event: 1.739 Thread 0x0000014844da9d80 Exception <a 'java/lang/IncompatibleClassChangeError'{0x00000000840b2870}: Found class java.lang.Object, but interface was expected> (0x00000000840b2870) 
thrown [s\src\hotspot\share\interpreter\linkResolver.cpp, line 838]
Event: 1.815 Thread 0x0000014844da9d80 Exception <a 'java/lang/NoSuchMethodError'{0x0000000083b0a700}: 'java.lang.Object java.lang.invoke.DirectMethodHandle$Holder.invokeStaticInit(java.lang.Object, int, int, int, int)'> (0x0000000083b0a700) 
thrown [s\src\hotspot\share\interpreter\linkResolver.cpp, line 771]
Event: 1.852 Thread 0x0000014844da9d80 Exception <a 'java/lang/NoSuchMethodError'{0x0000000083b910d0}: 'java.lang.Object java.lang.invoke.DirectMethodHandle$Holder.invokeStaticInit(java.lang.Object, java.lang.Object, int, int, int, int)'> (0x0000000083b910d0) 
thrown [s\src\hotspot\share\interpreter\linkResolver.cpp, line 771]
Event: 1.910 Thread 0x000001484d500ab0 Implicit null exception at 0x00000148350e0172 to 0x00000148350e07d4
Event: 1.910 Thread 0x000001484d500ab0 Implicit null exception at 0x00000148350c9972 to 0x00000148350c9fd4
Event: 1.924 Thread 0x0000014844da9d80 Exception <a 'java/io/FileNotFoundException'{0x00000000892e9530}> (0x00000000892e9530) 
thrown [s\src\hotspot\share\prims\jni.cpp, line 517]
Event: 2.272 Thread 0x0000014844da9d80 Implicit null exception at 0x0000014835112f0c to 0x0000014835113310
Event: 2.272 Thread 0x0000014844da9d80 Implicit null exception at 0x00000148350eace0 to 0x00000148350ebafc
Event: 2.272 Thread 0x0000014844da9d80 Implicit null exception at 0x000001483505b28f to 0x000001483505b309
Event: 3.268 Thread 0x0000014844da9d80 Exception <a 'java/lang/NoSuchMethodError'{0x00000000892a4fc0}: 'java.lang.Object java.lang.invoke.DirectMethodHandle$Holder.invokeInterface(java.lang.Object, java.lang.Object, java.lang.Object)'> (0x00000000892a4fc0) 
thrown [s\src\hotspot\share\interpreter\linkResolver.cpp, line 771]
Event: 3.268 Thread 0x0000014844da9d80 Exception <a 'java/lang/IncompatibleClassChangeError'{0x00000000892a8688}: Found class java.lang.Object, but interface was expected> (0x00000000892a8688) 
thrown [s\src\hotspot\share\interpreter\linkResolver.cpp, line 838]
Event: 3.307 Thread 0x0000014844da9d80 Exception <a 'java/lang/NoSuchMethodError'{0x00000000890627a0}: 'long java.lang.invoke.DirectMethodHandle$Holder.invokeStatic(java.lang.Object, java.lang.Object, java.lang.Object)'> (0x00000000890627a0) 
thrown [s\src\hotspot\share\interpreter\linkResolver.cpp, line 771]
Event: 3.308 Thread 0x0000014844da9d80 Exception <a 'java/lang/NoSuchMethodError'{0x0000000089065f48}: 'long java.lang.invoke.DirectMethodHandle$Holder.invokeStaticInit(java.lang.Object, java.lang.Object, java.lang.Object)'> (0x0000000089065f48) 
thrown [s\src\hotspot\share\interpreter\linkResolver.cpp, line 771]
Event: 3.309 Thread 0x0000014844da9d80 Exception <a 'java/lang/NoSuchMethodError'{0x000000008907dec0}: 'java.lang.Object java.lang.invoke.DirectMethodHandle$Holder.newInvokeSpecial(java.lang.Object, java.lang.Object, long)'> (0x000000008907dec0) 
thrown [s\src\hotspot\share\interpreter\linkResolver.cpp, line 771]
Event: 3.309 Thread 0x0000014844da9d80 Exception <a 'java/lang/NoSuchMethodError'{0x0000000089081d40}: 'java.lang.Object java.lang.invoke.Invokers$Holder.linkToTargetMethod(java.lang.Object, long, java.lang.Object)'> (0x0000000089081d40) 
thrown [s\src\hotspot\share\interpreter\linkResolver.cpp, line 771]
Event: 3.319 Thread 0x0000014844da9d80 Exception <a 'java/lang/NoSuchMethodError'{0x00000000890e09a0}: 'java.lang.Object java.lang.invoke.DirectMethodHandle$Holder.invokeSpecial(java.lang.Object, java.lang.Object, int, int, int, int)'> (0x00000000890e09a0) 
thrown [s\src\hotspot\share\interpreter\linkResolver.cpp, line 771]
Event: 3.331 Thread 0x000001484d503330 Exception <a 'sun/nio/fs/WindowsException'{0x00000000847d8b28}> (0x00000000847d8b28) 
thrown [s\src\hotspot\share\prims\jni.cpp, line 517]
Event: 3.343 Thread 0x0000014844da9d80 Exception <a 'java/lang/NoSuchMethodError'{0x0000000084671690}: 'java.lang.Object java.lang.invoke.DirectMethodHandle$Holder.invokeSpecial(java.lang.Object, java.lang.Object, long, long, int, int, java.lang.Object, java.lang.Object, int)'> (0x0000000084671690) 
thrown [s\src\hotspot\share\interpreter\linkResolver.cpp, line 771]
Event: 3.343 Thread 0x0000014844da9d80 Exception <a 'java/lang/NoSuchMethodError'{0x0000000084675358}: 'java.lang.Object java.lang.invoke.DelegatingMethodHandle$Holder.reinvoke_L(java.lang.Object, long, long, int, int, java.lang.Object, java.lang.Object, int)'> (0x0000000084675358) 
thrown [s\src\hotspot\share\interpreter\linkResolver.cpp, line 771]

VM Operations (20 events):
Event: 52.343 Executing VM operation: Cleanup
Event: 52.344 Executing VM operation: Cleanup done
Event: 55.345 Executing VM operation: Cleanup
Event: 55.345 Executing VM operation: Cleanup done
Event: 59.347 Executing VM operation: Cleanup
Event: 59.347 Executing VM operation: Cleanup done
Event: 60.249 Executing VM operation: HandshakeAllThreads
Event: 60.249 Executing VM operation: HandshakeAllThreads done
Event: 65.251 Executing VM operation: Cleanup
Event: 65.251 Executing VM operation: Cleanup done
Event: 68.253 Executing VM operation: Cleanup
Event: 68.253 Executing VM operation: Cleanup done
Event: 70.253 Executing VM operation: Cleanup
Event: 70.254 Executing VM operation: Cleanup done
Event: 72.254 Executing VM operation: Cleanup
Event: 72.254 Executing VM operation: Cleanup done
Event: 80.064 Executing VM operation: G1CollectForAllocation
Event: 80.067 Executing VM operation: G1CollectForAllocation done
Event: 91.072 Executing VM operation: Cleanup
Event: 91.072 Executing VM operation: Cleanup done

Events (20 events):
Event: 7.284 loading class sun/security/ssl/Alert done
Event: 7.285 loading class sun/security/ssl/Alert$AlertConsumer
Event: 7.285 loading class sun/security/ssl/Alert$AlertConsumer done
Event: 7.285 loading class sun/security/ssl/Alert$Level
Event: 7.285 loading class sun/security/ssl/Alert$Level done
Event: 11.947 Thread 0x000001484d500ab0 Thread exited: 0x000001484d500ab0
Event: 12.295 loading class java/util/IdentityHashMap$KeyIterator
Event: 12.295 loading class java/util/IdentityHashMap$IdentityHashMapIterator
Event: 12.295 loading class java/util/IdentityHashMap$IdentityHashMapIterator done
Event: 12.295 loading class java/util/IdentityHashMap$KeyIterator done
Event: 12.296 Thread 0x000001484d502e20 Thread exited: 0x000001484d502e20
Event: 13.350 Thread 0x000001484d503840 Thread exited: 0x000001484d503840
Event: 18.564 loading class jdk/internal/access/foreign/MemorySegmentProxy
Event: 18.564 loading class jdk/internal/access/foreign/MemorySegmentProxy done
Event: 28.102 loading class java/util/EnumMap$Values
Event: 28.102 loading class java/util/EnumMap$Values done
Event: 28.102 loading class java/util/EnumMap$ValueIterator
Event: 28.102 loading class java/util/EnumMap$EnumMapIterator
Event: 28.103 loading class java/util/EnumMap$EnumMapIterator done
Event: 28.103 loading class java/util/EnumMap$ValueIterator done


Dynamic libraries:
0x00007ff74b2e0000 - 0x00007ff74b2ea000 	C:\Users\helio\.jdks\jbr-17.0.8.1\bin\java.exe
0x00007ffb7cd20000 - 0x00007ffb7cf29000 	C:\Windows\SYSTEM32\ntdll.dll
0x00007ffb7c280000 - 0x00007ffb7c33d000 	C:\Windows\System32\KERNEL32.DLL
0x00007ffb7a320000 - 0x00007ffb7a699000 	C:\Windows\System32\KERNELBASE.dll
0x00007ffb7a200000 - 0x00007ffb7a311000 	C:\Windows\System32\ucrtbase.dll
0x00007ffb5ee00000 - 0x00007ffb5ee17000 	C:\Users\helio\.jdks\jbr-17.0.8.1\bin\jli.dll
0x00007ffb5efc0000 - 0x00007ffb5efdb000 	C:\Users\helio\.jdks\jbr-17.0.8.1\bin\VCRUNTIME140.dll
0x00007ffb7c640000 - 0x00007ffb7c7ec000 	C:\Windows\System32\USER32.dll
0x00007ffb59030000 - 0x00007ffb592d5000 	C:\Windows\WinSxS\amd64_microsoft.windows.common-controls_6595b64144ccf1df_6.0.22000.120_none_9d947278b86cc467\COMCTL32.dll
0x00007ffb7a6a0000 - 0x00007ffb7a6c6000 	C:\Windows\System32\win32u.dll
0x00007ffb7aec0000 - 0x00007ffb7af63000 	C:\Windows\System32\msvcrt.dll
0x00007ffb7b250000 - 0x00007ffb7b279000 	C:\Windows\System32\GDI32.dll
0x00007ffb7a8b0000 - 0x00007ffb7a9c2000 	C:\Windows\System32\gdi32full.dll
0x00007ffb7aa50000 - 0x00007ffb7aaed000 	C:\Windows\System32\msvcp_win.dll
0x00007ffb7ae80000 - 0x00007ffb7aeb1000 	C:\Windows\System32\IMM32.DLL
0x00007ffb7b4b0000 - 0x00007ffb7b55e000 	C:\Windows\System32\ADVAPI32.dll
0x00007ffb7b1a0000 - 0x00007ffb7b23e000 	C:\Windows\System32\sechost.dll
0x00007ffb7c490000 - 0x00007ffb7c5b0000 	C:\Windows\System32\RPCRT4.dll
0x00007ffb7c340000 - 0x00007ffb7c39d000 	C:\Windows\System32\SHLWAPI.dll
0x00007ffb771b0000 - 0x00007ffb771bc000 	C:\Users\helio\.jdks\jbr-17.0.8.1\bin\vcruntime140_1.dll
0x00007ffb37990000 - 0x00007ffb37a1d000 	C:\Users\helio\.jdks\jbr-17.0.8.1\bin\msvcp140.dll
0x00007ffae5880000 - 0x00007ffae6503000 	C:\Users\helio\.jdks\jbr-17.0.8.1\bin\server\jvm.dll
0x00007ffb7a0d0000 - 0x00007ffb7a11d000 	C:\Windows\SYSTEM32\POWRPROF.dll
0x00007ffb74230000 - 0x00007ffb74239000 	C:\Windows\SYSTEM32\WSOCK32.dll
0x00007ffb76a30000 - 0x00007ffb76a3a000 	C:\Windows\SYSTEM32\VERSION.dll
0x00007ffb5d150000 - 0x00007ffb5d183000 	C:\Windows\SYSTEM32\WINMM.dll
0x00007ffb7b440000 - 0x00007ffb7b4af000 	C:\Windows\System32\WS2_32.dll
0x00007ffb7a0b0000 - 0x00007ffb7a0c3000 	C:\Windows\SYSTEM32\UMPDC.dll
0x00007ffb792e0000 - 0x00007ffb792f8000 	C:\Windows\SYSTEM32\kernel.appcore.dll
0x00007ffb5ee50000 - 0x00007ffb5ee5a000 	C:\Users\helio\.jdks\jbr-17.0.8.1\bin\jimage.dll
0x00007ffb77e10000 - 0x00007ffb78031000 	C:\Windows\SYSTEM32\DBGHELP.DLL
0x00007ffb761b0000 - 0x00007ffb761e1000 	C:\Windows\SYSTEM32\dbgcore.DLL
0x00007ffb7a9d0000 - 0x00007ffb7aa4f000 	C:\Windows\System32\bcryptPrimitives.dll
0x00007ffb3af80000 - 0x00007ffb3afa5000 	C:\Users\helio\.jdks\jbr-17.0.8.1\bin\java.dll
0x00007ffb53050000 - 0x00007ffb53068000 	C:\Users\helio\.jdks\jbr-17.0.8.1\bin\zip.dll
0x00007ffb378b0000 - 0x00007ffb37987000 	C:\Users\helio\.jdks\jbr-17.0.8.1\bin\jsvml.dll
0x00007ffb7bac0000 - 0x00007ffb7c278000 	C:\Windows\System32\SHELL32.dll
0x00007ffb78350000 - 0x00007ffb78bb8000 	C:\Windows\SYSTEM32\windows.storage.dll
0x00007ffb7c800000 - 0x00007ffb7cb79000 	C:\Windows\System32\combase.dll
0x00007ffb781e0000 - 0x00007ffb78346000 	C:\Windows\SYSTEM32\wintypes.dll
0x00007ffb7af70000 - 0x00007ffb7b05a000 	C:\Windows\System32\SHCORE.dll
0x00007ffb7a130000 - 0x00007ffb7a151000 	C:\Windows\SYSTEM32\profapi.dll
0x00007ffb48b40000 - 0x00007ffb48b59000 	C:\Users\helio\.jdks\jbr-17.0.8.1\bin\net.dll
0x00007ffb76500000 - 0x00007ffb7660c000 	C:\Windows\SYSTEM32\WINHTTP.dll
0x00007ffb79710000 - 0x00007ffb79777000 	C:\Windows\system32\mswsock.dll
0x00007ffb41930000 - 0x00007ffb41946000 	C:\Users\helio\.jdks\jbr-17.0.8.1\bin\nio.dll
0x0000014844f00000 - 0x0000014844f03000 	C:\Users\helio\.openjfx\cache\21.0.2+5\amd64\api-ms-win-core-console-l1-1-0.dll
0x0000014844f10000 - 0x0000014844f13000 	C:\Users\helio\.openjfx\cache\21.0.2+5\amd64\api-ms-win-core-console-l1-2-0.dll
0x0000014844f20000 - 0x0000014844f23000 	C:\Users\helio\.openjfx\cache\21.0.2+5\amd64\api-ms-win-core-datetime-l1-1-0.dll
0x0000014844f30000 - 0x0000014844f33000 	C:\Users\helio\.openjfx\cache\21.0.2+5\amd64\api-ms-win-core-debug-l1-1-0.dll
0x0000014844f40000 - 0x0000014844f43000 	C:\Users\helio\.openjfx\cache\21.0.2+5\amd64\api-ms-win-core-errorhandling-l1-1-0.dll
0x0000014844f50000 - 0x0000014844f54000 	C:\Users\helio\.openjfx\cache\21.0.2+5\amd64\api-ms-win-core-file-l1-1-0.dll
0x0000014844f60000 - 0x0000014844f63000 	C:\Users\helio\.openjfx\cache\21.0.2+5\amd64\api-ms-win-core-file-l1-2-0.dll
0x0000014844f70000 - 0x0000014844f73000 	C:\Users\helio\.openjfx\cache\21.0.2+5\amd64\api-ms-win-core-file-l2-1-0.dll
0x0000014844f80000 - 0x0000014844f83000 	C:\Users\helio\.openjfx\cache\21.0.2+5\amd64\api-ms-win-core-handle-l1-1-0.dll
0x0000014844f90000 - 0x0000014844f93000 	C:\Users\helio\.openjfx\cache\21.0.2+5\amd64\api-ms-win-core-heap-l1-1-0.dll
0x0000014844fa0000 - 0x0000014844fa3000 	C:\Users\helio\.openjfx\cache\21.0.2+5\amd64\api-ms-win-core-interlocked-l1-1-0.dll
0x0000014844fb0000 - 0x0000014844fb3000 	C:\Users\helio\.openjfx\cache\21.0.2+5\amd64\api-ms-win-core-libraryloader-l1-1-0.dll
0x0000014844fc0000 - 0x0000014844fc3000 	C:\Users\helio\.openjfx\cache\21.0.2+5\amd64\api-ms-win-core-localization-l1-2-0.dll
0x0000014844fd0000 - 0x0000014844fd3000 	C:\Users\helio\.openjfx\cache\21.0.2+5\amd64\api-ms-win-core-memory-l1-1-0.dll
0x0000014844fe0000 - 0x0000014844fe3000 	C:\Users\helio\.openjfx\cache\21.0.2+5\amd64\api-ms-win-core-namedpipe-l1-1-0.dll
0x0000014844ff0000 - 0x0000014844ff3000 	C:\Users\helio\.openjfx\cache\21.0.2+5\amd64\api-ms-win-core-processenvironment-l1-1-0.dll
0x0000014849000000 - 0x0000014849003000 	C:\Users\helio\.openjfx\cache\21.0.2+5\amd64\api-ms-win-core-processthreads-l1-1-0.dll
0x0000014849010000 - 0x0000014849013000 	C:\Users\helio\.openjfx\cache\21.0.2+5\amd64\api-ms-win-core-processthreads-l1-1-1.dll
0x0000014849020000 - 0x0000014849023000 	C:\Users\helio\.openjfx\cache\21.0.2+5\amd64\api-ms-win-core-profile-l1-1-0.dll
0x0000014849030000 - 0x0000014849033000 	C:\Users\helio\.openjfx\cache\21.0.2+5\amd64\api-ms-win-core-rtlsupport-l1-1-0.dll
0x0000014849040000 - 0x0000014849043000 	C:\Users\helio\.openjfx\cache\21.0.2+5\amd64\api-ms-win-core-string-l1-1-0.dll
0x0000014849050000 - 0x0000014849053000 	C:\Users\helio\.openjfx\cache\21.0.2+5\amd64\api-ms-win-core-synch-l1-1-0.dll
0x0000014849060000 - 0x0000014849063000 	C:\Users\helio\.openjfx\cache\21.0.2+5\amd64\api-ms-win-core-synch-l1-2-0.dll
0x0000014849070000 - 0x0000014849073000 	C:\Users\helio\.openjfx\cache\21.0.2+5\amd64\api-ms-win-core-sysinfo-l1-1-0.dll
0x0000014849080000 - 0x0000014849083000 	C:\Users\helio\.openjfx\cache\21.0.2+5\amd64\api-ms-win-core-timezone-l1-1-0.dll
0x0000014849090000 - 0x0000014849093000 	C:\Users\helio\.openjfx\cache\21.0.2+5\amd64\api-ms-win-core-util-l1-1-0.dll
0x00000148490a0000 - 0x00000148490a3000 	C:\Users\helio\.openjfx\cache\21.0.2+5\amd64\api-ms-win-crt-conio-l1-1-0.dll
0x00000148490b0000 - 0x00000148490b4000 	C:\Users\helio\.openjfx\cache\21.0.2+5\amd64\api-ms-win-crt-convert-l1-1-0.dll
0x00000148490c0000 - 0x00000148490c3000 	C:\Users\helio\.openjfx\cache\21.0.2+5\amd64\api-ms-win-crt-environment-l1-1-0.dll
0x00000148490d0000 - 0x00000148490d3000 	C:\Users\helio\.openjfx\cache\21.0.2+5\amd64\api-ms-win-crt-filesystem-l1-1-0.dll
0x00000148490e0000 - 0x00000148490e3000 	C:\Users\helio\.openjfx\cache\21.0.2+5\amd64\api-ms-win-crt-heap-l1-1-0.dll
0x00000148490f0000 - 0x00000148490f3000 	C:\Users\helio\.openjfx\cache\21.0.2+5\amd64\api-ms-win-crt-locale-l1-1-0.dll
0x0000014849100000 - 0x0000014849105000 	C:\Users\helio\.openjfx\cache\21.0.2+5\amd64\api-ms-win-crt-math-l1-1-0.dll
0x0000014849110000 - 0x0000014849115000 	C:\Users\helio\.openjfx\cache\21.0.2+5\amd64\api-ms-win-crt-multibyte-l1-1-0.dll
0x0000014849120000 - 0x0000014849130000 	C:\Users\helio\.openjfx\cache\21.0.2+5\amd64\api-ms-win-crt-private-l1-1-0.dll
0x0000014849130000 - 0x0000014849133000 	C:\Users\helio\.openjfx\cache\21.0.2+5\amd64\api-ms-win-crt-process-l1-1-0.dll
0x0000014849140000 - 0x0000014849144000 	C:\Users\helio\.openjfx\cache\21.0.2+5\amd64\api-ms-win-crt-runtime-l1-1-0.dll
0x0000014849150000 - 0x0000014849154000 	C:\Users\helio\.openjfx\cache\21.0.2+5\amd64\api-ms-win-crt-stdio-l1-1-0.dll
0x0000014849160000 - 0x0000014849164000 	C:\Users\helio\.openjfx\cache\21.0.2+5\amd64\api-ms-win-crt-string-l1-1-0.dll
0x0000014849170000 - 0x0000014849173000 	C:\Users\helio\.openjfx\cache\21.0.2+5\amd64\api-ms-win-crt-time-l1-1-0.dll
0x0000014849180000 - 0x0000014849183000 	C:\Users\helio\.openjfx\cache\21.0.2+5\amd64\api-ms-win-crt-utility-l1-1-0.dll
0x00007ffb2c1e0000 - 0x00007ffb2c2dc000 	C:\Users\helio\.openjfx\cache\21.0.2+5\amd64\ucrtbase.dll
0x00007ffb5ede0000 - 0x00007ffb5edfb000 	C:\Users\helio\.openjfx\cache\21.0.2+5\amd64\vcruntime140.dll
0x00007ffb6dfd0000 - 0x00007ffb6dfdc000 	C:\Users\helio\.openjfx\cache\21.0.2+5\amd64\vcruntime140_1.dll
0x00007ffb329f0000 - 0x00007ffb32a7e000 	C:\Users\helio\.openjfx\cache\21.0.2+5\amd64\msvcp140.dll
0x00007ffb5efe0000 - 0x00007ffb5efe9000 	C:\Users\helio\.openjfx\cache\21.0.2+5\amd64\msvcp140_1.dll
0x00007ffb5ea30000 - 0x00007ffb5ea71000 	C:\Users\helio\.openjfx\cache\21.0.2+5\amd64\msvcp140_2.dll
0x00007ffb5ebc0000 - 0x00007ffb5ebf0000 	C:\Users\helio\.openjfx\cache\21.0.2+5\amd64\prism_d3d.dll
0x00007ffb5f2e0000 - 0x00007ffb5f486000 	C:\Windows\system32\d3d9.dll
0x00007ffb77a60000 - 0x00007ffb77a8f000 	C:\Windows\SYSTEM32\dwmapi.dll
0x00007ffb776f0000 - 0x00007ffb77728000 	C:\Windows\SYSTEM32\dxcore.dll
0x00007ffb77610000 - 0x00007ffb776bc000 	C:\Windows\system32\uxtheme.dll
0x00007ffb2b7c0000 - 0x00007ffb2b96c000 	C:\Windows\System32\DriverStore\FileRepository\iigd_dch.inf_amd64_237b1b6e9066be9c\igdumdim64.dll
0x00007ffb7b2a0000 - 0x00007ffb7b43a000 	C:\Windows\System32\ole32.dll
0x00007ffb13910000 - 0x00007ffb1816b000 	C:\Windows\System32\DriverStore\FileRepository\iigd_dch.inf_amd64_237b1b6e9066be9c\igd9dxva64.dll
0x00007ffb7c3b0000 - 0x00007ffb7c486000 	C:\Windows\System32\OLEAUT32.dll
0x00007ffb7b560000 - 0x00007ffb7b9cc000 	C:\Windows\System32\SETUPAPI.dll
0x00007ffb79e10000 - 0x00007ffb79e5c000 	C:\Windows\SYSTEM32\cfgmgr32.dll
0x00007ffb67900000 - 0x00007ffb67d0a000 	C:\Windows\System32\DriverStore\FileRepository\iigd_dch.inf_amd64_237b1b6e9066be9c\igdgmm64.dll
0x00007ffb6ddd0000 - 0x00007ffb6de14000 	C:\Windows\SYSTEM32\directxdatabasehelper.dll
0x00007ffb774f0000 - 0x00007ffb77524000 	C:\Windows\SYSTEM32\ntmarta.dll
0x00007ffb48b60000 - 0x00007ffb48ba2000 	C:\Users\helio\.openjfx\cache\21.0.2+5\amd64\glass.dll
0x00007ffb7b9d0000 - 0x00007ffb7babc000 	C:\Windows\System32\COMDLG32.dll
0x00007ffb7b080000 - 0x00007ffb7b19e000 	C:\Windows\System32\MSCTF.dll
0x00007ffb6c890000 - 0x00007ffb6c8b7000 	C:\Windows\System32\DriverStore\FileRepository\iigd_dch.inf_amd64_237b1b6e9066be9c\igdinfo64.dll
0x00007ffb63290000 - 0x00007ffb67900000 	C:\Windows\System32\DriverStore\FileRepository\iigd_dch.inf_amd64_237b1b6e9066be9c\igc64.dll
0x00007ffb78e80000 - 0x00007ffb78f68000 	C:\Windows\SYSTEM32\DNSAPI.dll
0x00007ffb78e10000 - 0x00007ffb78e3d000 	C:\Windows\SYSTEM32\IPHLPAPI.DLL
0x00007ffb7c3a0000 - 0x00007ffb7c3a9000 	C:\Windows\System32\NSI.dll
0x00007ffb76b20000 - 0x00007ffb76b2a000 	C:\Windows\System32\rasadhlp.dll
0x00007ffb74520000 - 0x00007ffb745a1000 	C:\Windows\System32\fwpuclnt.dll
0x00007ffadd500000 - 0x00007ffae21f8000 	C:\Users\helio\.openjfx\cache\21.0.2+5\amd64\jfxwebkit.dll
0x00007ffb79960000 - 0x00007ffb79978000 	C:\Windows\SYSTEM32\CRYPTSP.dll
0x00007ffb79240000 - 0x00007ffb79275000 	C:\Windows\system32\rsaenh.dll
0x00007ffb79950000 - 0x00007ffb7995c000 	C:\Windows\SYSTEM32\CRYPTBASE.dll
0x00007ffb5ed60000 - 0x00007ffb5ed74000 	C:\Users\helio\.openjfx\cache\21.0.2+5\amd64\javafx_font.dll
0x00007ffb62ec0000 - 0x00007ffb6311f000 	C:\Windows\SYSTEM32\dwrite.dll
0x00007ffb5ef90000 - 0x00007ffb5ef9e000 	C:\Users\helio\.jdks\jbr-17.0.8.1\bin\sunmscapi.dll
0x00007ffb7a740000 - 0x00007ffb7a8a2000 	C:\Windows\System32\CRYPT32.dll
0x00007ffb79aa0000 - 0x00007ffb79ac8000 	C:\Windows\SYSTEM32\ncrypt.dll
0x00007ffb79a60000 - 0x00007ffb79a97000 	C:\Windows\SYSTEM32\NTASN1.dll
0x00007ffb79800000 - 0x00007ffb79829000 	C:\Windows\SYSTEM32\USERENV.dll

dbghelp: loaded successfully - version: 4.0.5 - missing functions: none
symbol engine: initialized successfully - sym options: 0x614 - pdb path: .;C:\Users\helio\.jdks\jbr-17.0.8.1\bin;C:\Windows\SYSTEM32;C:\Windows\WinSxS\amd64_microsoft.windows.common-controls_6595b64144ccf1df_6.0.22000.120_none_9d947278b86cc467;C:\Users\helio\.jdks\jbr-17.0.8.1\bin\server;C:\Users\helio\.openjfx\cache\21.0.2+5\amd64;C:\Windows\System32\DriverStore\FileRepository\iigd_dch.inf_amd64_237b1b6e9066be9c;C:\Program Files\Common Files\Microsoft Shared\Ink

VM Arguments:
jvm_args: --module-path=C:\Users\helio\.m2\repository\org\openjfx\javafx-base\21.0.2\javafx-base-21.0.2-win.jar;C:\Users\helio\.m2\repository\org\openjfx\javafx-base\21.0.2\javafx-base-21.0.2.jar;C:\Users\helio\.m2\repository\org\openjfx\javafx-controls\21.0.2\javafx-controls-21.0.2-win.jar;C:\Users\helio\.m2\repository\org\openjfx\javafx-controls\21.0.2\javafx-controls-21.0.2.jar;C:\Users\helio\.m2\repository\org\openjfx\javafx-fxml\21.0.2\javafx-fxml-21.0.2-win.jar;C:\Users\helio\.m2\repository\org\openjfx\javafx-fxml\21.0.2\javafx-fxml-21.0.2.jar;C:\Users\helio\.m2\repository\org\openjfx\javafx-graphics\21.0.2\javafx-graphics-21.0.2-win.jar;C:\Users\helio\.m2\repository\org\openjfx\javafx-graphics\21.0.2\javafx-graphics-21.0.2.jar;C:\Users\helio\.m2\repository\org\openjfx\javafx-media\21.0.2\javafx-media-21.0.2-win.jar;C:\Users\helio\.m2\repository\org\openjfx\javafx-media\21.0.2\javafx-media-21.0.2.jar;C:\Users\helio\.m2\repository\org\openjfx\javafx-web\21.0.2\javafx-web-21.0.2-win.jar;C:\Users\helio\.m2\repository\org\openjfx\javafx-web\21.0.2\javafx-web-21.0.2.jar --add-modules=javafx.base,javafx.controls,javafx.fxml,javafx.graphics,javafx.media,javafx.web 
java_command: controllers.Home
java_class_path (initial): C:\Users\helio\Desktop\java\java\target\classes;C:\Users\helio\.m2\repository\com\google\protobuf\protobuf-java\3.21.9\protobuf-java-3.21.9.jar;C:\Users\helio\.m2\repository\com\mysql\mysql-connector-j\8.2.0\mysql-connector-j-8.2.0.jar;C:\Users\helio\.m2\repository\com\sun\mail\javax.mail\1.6.2\javax.mail-1.6.2.jar;C:\Users\helio\.m2\repository\javax\activation\activation\1.1\activation-1.1.jar;C:\Users\helio\.m2\repository\javax\persistence\javax.persistence-api\2.2\javax.persistence-api-2.2.jar;C:\Users\helio\.m2\repository\javax\validation\validation-api\2.0.1.Final\validation-api-2.0.1.Final.jar;C:\Users\helio\.m2\repository\org\mindrot\jbcrypt\0.4\jbcrypt-0.4.jar
Launcher Type: SUN_STANDARD

[Global flags]
     intx CICompilerCount                          = 4                                         {product} {ergonomic}
     uint ConcGCThreads                            = 2                                         {product} {ergonomic}
     uint G1ConcRefinementThreads                  = 8                                         {product} {ergonomic}
   size_t G1HeapRegionSize                         = 1048576                                   {product} {ergonomic}
    uintx GCDrainStackTargetSize                   = 64                                        {product} {ergonomic}
   size_t InitialHeapSize                          = 132120576                                 {product} {ergonomic}
   size_t MarkStackSize                            = 4194304                                   {product} {ergonomic}
   size_t MaxHeapSize                              = 2097152000                                {product} {ergonomic}
   size_t MaxNewSize                               = 1258291200                                {product} {ergonomic}
   size_t MinHeapDeltaBytes                        = 1048576                                   {product} {ergonomic}
   size_t MinHeapSize                              = 8388608                                   {product} {ergonomic}
    uintx NonNMethodCodeHeapSize                   = 5839372                                {pd product} {ergonomic}
    uintx NonProfiledCodeHeapSize                  = 122909434                              {pd product} {ergonomic}
    uintx ProfiledCodeHeapSize                     = 122909434                              {pd product} {ergonomic}
    uintx ReservedCodeCacheSize                    = 251658240                              {pd product} {ergonomic}
     bool SegmentedCodeCache                       = true                                      {product} {ergonomic}
   size_t SoftMaxHeapSize                          = 2097152000                             {manageable} {ergonomic}
     bool UseCompressedClassPointers               = true                           {product lp64_product} {ergonomic}
     bool UseCompressedOops                        = true                           {product lp64_product} {ergonomic}
     bool UseG1GC                                  = true                                      {product} {ergonomic}
     bool UseLargePagesIndividualAllocation        = false                                  {pd product} {ergonomic}

Logging:
Log output configuration:
 #0: stdout all=warning uptime,level,tags
 #1: stderr all=off uptime,level,tags

Environment Variables:
PATH=C:\oraclexe\app\oracle\product\11.2.0\server\bin;C:\oraclexe\app\oracle\product\11.2.0\server\bin;C:\Windows\system32;C:\Windows;C:\Windows\System32\Wbem;C:\Windows\System32\WindowsPowerShell\v1.0\;C:\Windows\System32\OpenSSH\;C:\oraclexe\app\oracle\product\11.2.0\server\bin;C:\instant;C:\oraclexe\app\oracle\admin\XE;C:\oraclexe;C:\Users\helio\.jdks\jbr-17.0.8.1\bin;C:\ProgramData\ComposerSetup\bin;C:\Program Files (x86)\Git\cmd;C:\Program Files\JetBrains\IntelliJ IDEA 2022.2.1\bin;C:\xampp\php;C:\Users\helio\scoop\shims;C:\Users\helio\AppData\Local\Microsoft\WindowsApps;C:\Users\helio\AppData\Local\Programs\Microsoft VS Code\bin;C:\Program Files\JetBrains\IntelliJ IDEA 2022.2.1\bin;;C:\xampp\php;C:\Users\helio\AppData\Roaming\Composer\vendor\bin;C:\Program Files\JetBrains\PhpStorm 2023.2.3\bin;
USERNAME=helio
OS=Windows_NT
PROCESSOR_IDENTIFIER=Intel64 Family 6 Model 165 Stepping 2, GenuineIntel
TMP=C:\Users\helio\AppData\Local\Temp
TEMP=C:\Users\helio\AppData\Local\Temp


JNI global refs:
JNI global refs: 81, weak refs: 0

JNI global refs memory usage: 1475, weak refs: 841

OOME stack traces (most recent first):
Classloader memory used:
Loader bootstrap                                                                       : 2667K
Loader jdk.internal.loader.ClassLoaders$AppClassLoader                                 : 1795K
Loader jdk.internal.loader.ClassLoaders$PlatformClassLoader                            : 128K
Loader jdk.internal.reflect.DelegatingClassLoader                                      : 5614B
Loader com.sun.javafx.reflect.MethodUtil                                               : 364B


---------------  S Y S T E M  ---------------

OS:
 Windows 11 , 64 bit Build 22000 (10.0.22000.708)
OS uptime: 1 days 7:36 hours

CPU: total 8 (initial active 8) (4 cores per cpu, 2 threads per core) family 6 model 165 stepping 2 microcode 0xf0, cx8, cmov, fxsr, ht, mmx, 3dnowpref, sse, sse2, sse3, ssse3, sse4.1, sse4.2, popcnt, lzcnt, tsc, tscinvbit, avx, avx2, aes, erms, clmul, bmi1, bmi2, adx, fma, vzeroupper, clflush, clflushopt
Processor Information for all 8 processors :
  Max Mhz: 2496, Current Mhz: 2496, Mhz Limit: 2496

Memory: 4k page, system-wide physical 7993M (888M free)
TotalPageFile size 23264M (AvailPageFile size 2237M)
current process WorkingSet (physical memory assigned to process): 174M, peak: 585M
current process commit charge ("private bytes"): 611M, peak: 616M

vm_info: OpenJDK 64-Bit Server VM (17.0.8.1+7-b1059.3) for windows-amd64 JRE (17.0.8.1+7-b1059.3), built on 2023-09-11 by "builduser" with MS VC++ 16.10 / 16.11 (VS2019)

END.
