#
# There is insufficient memory for the Java Runtime Environment to continue.
# Native memory allocation (mmap) failed to map 394264576 bytes for G1 virtual space
# Possible reasons:
#   The system is out of physical RAM or swap space
#   The process is running with CompressedOops enabled, and the Java Heap may be blocking the growth of the native heap
# Possible solutions:
#   Reduce memory load on the system
#   Increase physical memory or swap space
#   Check if swap backing store is full
#   Decrease Java heap size (-Xmx/-Xms)
#   Decrease number of Java threads
#   Decrease Java thread stack sizes (-Xss)
#   Set larger code cache with -XX:ReservedCodeCacheSize=
#   JVM is running with Zero Based Compressed Oops mode in which the Java heap is
#     placed in the first 32GB address space. The Java Heap base address is the
#     maximum limit for the native heap growth. Please use -XX:HeapBaseMinAddress
#     to set the Java Heap base and to place the Java Heap above 32GB virtual address.
# This output file may be truncated or incomplete.
#
#  Out of Memory Error (os_windows.cpp:3600), pid=38772, tid=40636
#
# JRE version:  (21.0.2+13) (build )
# Java VM: OpenJDK 64-Bit Server VM (21.0.2+13-LTS, mixed mode, sharing, tiered, compressed oops, compressed class ptrs, g1 gc, windows-amd64)
# No core dump will be written. Minidumps are not enabled by default on client versions of Windows
#

---------------  S U M M A R Y ------------

Command Line: --module-path=C:\Users\medkh\.m2\repository\org\openjfx\javafx-base\21.0.2\javafx-base-21.0.2-win.jar;C:\Users\medkh\.m2\repository\org\openjfx\javafx-base\21.0.2\javafx-base-21.0.2.jar;C:\Users\medkh\.m2\repository\org\openjfx\javafx-controls\21.0.2\javafx-controls-21.0.2-win.jar;C:\Users\medkh\.m2\repository\org\openjfx\javafx-controls\21.0.2\javafx-controls-21.0.2.jar;C:\Users\medkh\.m2\repository\org\openjfx\javafx-fxml\21.0.2\javafx-fxml-21.0.2-win.jar;C:\Users\medkh\.m2\repository\org\openjfx\javafx-fxml\21.0.2\javafx-fxml-21.0.2.jar;C:\Users\medkh\.m2\repository\org\openjfx\javafx-graphics\21.0.2\javafx-graphics-21.0.2-win.jar;C:\Users\medkh\.m2\repository\org\openjfx\javafx-graphics\21.0.2\javafx-graphics-21.0.2.jar;C:\Users\medkh\.m2\repository\org\openjfx\javafx-media\20.0.2\javafx-media-20.0.2-win.jar;C:\Users\medkh\.m2\repository\org\openjfx\javafx-media\20.0.2\javafx-media-20.0.2.jar;C:\Users\medkh\.m2\repository\org\openjfx\javafx-web\21.0.2\javafx-web-21.0.2-win.jar;C:\Users\medkh\.m2\repository\org\openjfx\javafx-web\21.0.2\javafx-web-21.0.2.jar --add-modules=javafx.base,javafx.controls,javafx.fxml,javafx.graphics,javafx.media,javafx.web tests.mainFX

Host: AMD Ryzen 7 4800H with Radeon Graphics         , 16 cores, 23G,  Windows 11 , 64 bit Build 22621 (10.0.22621.3374)
Time: Mon May 13 18:31:36 2024 W. Central Africa Standard Time elapsed time: 0.063327 seconds (0d 0h 0m 0s)

---------------  T H R E A D  ---------------

Current thread (0x00000270556e22d0):  JavaThread "Unknown thread" [_thread_in_vm, id=40636, stack(0x000000e728800000,0x000000e728900000) (1024K)]

Stack: [0x000000e728800000,0x000000e728900000]
Native frames: (J=compiled Java code, j=interpreted, Vv=VM code, C=native code)
V  [jvm.dll+0x6c94f9]
V  [jvm.dll+0x8a3c21]
V  [jvm.dll+0x8a614e]
V  [jvm.dll+0x8a6823]
V  [jvm.dll+0x27fa86]
V  [jvm.dll+0x6c5c75]
V  [jvm.dll+0x6ba96a]
V  [jvm.dll+0x35398a]
V  [jvm.dll+0x35b536]
V  [jvm.dll+0x3ac6be]
V  [jvm.dll+0x3ac968]
V  [jvm.dll+0x327bcc]
V  [jvm.dll+0x32872b]
V  [jvm.dll+0x86ccf9]
V  [jvm.dll+0x3b96c1]
V  [jvm.dll+0x854ec8]
V  [jvm.dll+0x44d44e]
V  [jvm.dll+0x44eed1]
C  [jli.dll+0x5278]
C  [ucrtbase.dll+0x29333]
C  [KERNEL32.DLL+0x1257d]
C  [ntdll.dll+0x5aa48]


---------------  P R O C E S S  ---------------

Threads class SMR info:
_java_thread_list=0x00007ffa4584f088, length=0, elements={
}

Java Threads: ( => current thread )
Total: 0

Other Threads:
  0x00000270579256e0 WorkerThread "GC Thread#0"                     [id=30800, stack(0x000000e728900000,0x000000e728a00000) (1024K)]
  0x0000027057932370 ConcurrentGCThread "G1 Main Marker"            [id=41968, stack(0x000000e728a00000,0x000000e728b00000) (1024K)]
  0x0000027057932e70 WorkerThread "G1 Conc#0"                       [id=35872, stack(0x000000e728b00000,0x000000e728c00000) (1024K)]

[error occurred during error reporting (printing all threads), id 0xc0000005, EXCEPTION_ACCESS_VIOLATION (0xc0000005) at pc=0x00007ffa44f5a4f7]
VM state: not at safepoint (not fully initialized)

VM Mutex/Monitor currently owned by a thread:  ([mutex/lock_event])
[0x00007ffa458c3298] Heap_lock - owner thread: 0x00000270556e22d0

Heap address: 0x000000068a000000, size: 5984 MB, Compressed Oops mode: Zero based, Oop shift amount: 3

CDS archive(s) mapped at: [0x0000000000000000-0x0000000000000000-0x0000000000000000), size 0, SharedBaseAddress: 0x0000000800000000, ArchiveRelocationMode: 1.
Narrow klass base: 0x0000000000000000, Narrow klass shift: 0, Narrow klass range: 0x0

GC Precious Log:
 CardTable entry size: 512
 Card Set container configuration: InlinePtr #cards 4 size 8 Array Of Cards #cards 32 size 80 Howl #buckets 8 coarsen threshold 7372 Howl Bitmap #cards 1024 size 144 coarsen threshold 921 Card regions per heap region 1 cards per card region 8192

Heap:
 garbage-first heap   total 0K, used 0K [0x000000068a000000, 0x0000000800000000)
  region size 4096K, 0 young (0K), 0 survivors (0K)

[error occurred during error reporting (printing heap information), id 0xc0000005, EXCEPTION_ACCESS_VIOLATION (0xc0000005) at pc=0x00007ffa453423c9]
GC Heap History (0 events):
No events

Dll operation events (1 events):
Event: 0.017 Loaded shared library C:\Program Files\Eclipse Adoptium\jdk-21.0.2.13-hotspot\bin\java.dll

Deoptimization events (0 events):
No events

Classes loaded (0 events):
No events

Classes unloaded (0 events):
No events

Classes redefined (0 events):
No events

Internal exceptions (0 events):
No events

ZGC Phase Switch (0 events):
No events

VM Operations (0 events):
No events

Events (0 events):
No events


Dynamic libraries:
0x00007ff74d190000 - 0x00007ff74d19e000 	C:\Program Files\Eclipse Adoptium\jdk-21.0.2.13-hotspot\bin\java.exe
0x00007ffb2af10000 - 0x00007ffb2b126000 	C:\WINDOWS\SYSTEM32\ntdll.dll
0x00007ffb2a330000 - 0x00007ffb2a3f4000 	C:\WINDOWS\System32\KERNEL32.DLL
0x00007ffb28430000 - 0x00007ffb287d7000 	C:\WINDOWS\System32\KERNELBASE.dll
0x00007ffb287e0000 - 0x00007ffb288f1000 	C:\WINDOWS\System32\ucrtbase.dll
0x00007ffae3f50000 - 0x00007ffae3f68000 	C:\Program Files\Eclipse Adoptium\jdk-21.0.2.13-hotspot\bin\jli.dll
0x00007ffb2a400000 - 0x00007ffb2a5ae000 	C:\WINDOWS\System32\USER32.dll
0x00007ffb28a20000 - 0x00007ffb28a46000 	C:\WINDOWS\System32\win32u.dll
0x00007ffb29af0000 - 0x00007ffb29b19000 	C:\WINDOWS\System32\GDI32.dll
0x00007ffb28900000 - 0x00007ffb28a19000 	C:\WINDOWS\System32\gdi32full.dll
0x00007ffb28320000 - 0x00007ffb283ba000 	C:\WINDOWS\System32\msvcp_win.dll
0x00007ffae44d0000 - 0x00007ffae44eb000 	C:\Program Files\Eclipse Adoptium\jdk-21.0.2.13-hotspot\bin\VCRUNTIME140.dll
0x00007ffb119c0000 - 0x00007ffb11c53000 	C:\WINDOWS\WinSxS\amd64_microsoft.windows.common-controls_6595b64144ccf1df_6.0.22621.3235_none_270f74e173860f98\COMCTL32.dll
0x00007ffb29f70000 - 0x00007ffb2a017000 	C:\WINDOWS\System32\msvcrt.dll
0x00007ffb290a0000 - 0x00007ffb290d1000 	C:\WINDOWS\System32\IMM32.DLL
0x00007ffafa450000 - 0x00007ffafa45c000 	C:\Program Files\Eclipse Adoptium\jdk-21.0.2.13-hotspot\bin\vcruntime140_1.dll
0x00007ffad1b20000 - 0x00007ffad1bae000 	C:\Program Files\Eclipse Adoptium\jdk-21.0.2.13-hotspot\bin\msvcp140.dll
0x00007ffa44c20000 - 0x00007ffa459a3000 	C:\Program Files\Eclipse Adoptium\jdk-21.0.2.13-hotspot\bin\server\jvm.dll
0x00007ffb29eb0000 - 0x00007ffb29f62000 	C:\WINDOWS\System32\ADVAPI32.dll
0x00007ffb2a020000 - 0x00007ffb2a0c8000 	C:\WINDOWS\System32\sechost.dll
0x00007ffb28230000 - 0x00007ffb28258000 	C:\WINDOWS\System32\bcrypt.dll
0x00007ffb29b30000 - 0x00007ffb29c45000 	C:\WINDOWS\System32\RPCRT4.dll
0x00007ffb29a70000 - 0x00007ffb29ae1000 	C:\WINDOWS\System32\WS2_32.dll
0x00007ffb28100000 - 0x00007ffb2814d000 	C:\WINDOWS\SYSTEM32\POWRPROF.dll
0x00007ffb20e50000 - 0x00007ffb20e84000 	C:\WINDOWS\SYSTEM32\WINMM.dll
0x00007ffb20880000 - 0x00007ffb2088a000 	C:\WINDOWS\SYSTEM32\VERSION.dll
0x00007ffb280e0000 - 0x00007ffb280f3000 	C:\WINDOWS\SYSTEM32\UMPDC.dll
0x00007ffb27270000 - 0x00007ffb27288000 	C:\WINDOWS\SYSTEM32\kernel.appcore.dll
0x00007ffae93b0000 - 0x00007ffae93ba000 	C:\Program Files\Eclipse Adoptium\jdk-21.0.2.13-hotspot\bin\jimage.dll
0x00007ffb1e400000 - 0x00007ffb1e633000 	C:\WINDOWS\SYSTEM32\DBGHELP.DLL
0x00007ffb28c40000 - 0x00007ffb28fc8000 	C:\WINDOWS\System32\combase.dll
0x00007ffb2a160000 - 0x00007ffb2a237000 	C:\WINDOWS\System32\OLEAUT32.dll
0x00007ffb04580000 - 0x00007ffb045b2000 	C:\WINDOWS\SYSTEM32\dbgcore.DLL
0x00007ffb28bc0000 - 0x00007ffb28c39000 	C:\WINDOWS\System32\bcryptPrimitives.dll
0x00007ffae3d70000 - 0x00007ffae3d8f000 	C:\Program Files\Eclipse Adoptium\jdk-21.0.2.13-hotspot\bin\java.dll

dbghelp: loaded successfully - version: 4.0.5 - missing functions: none
symbol engine: initialized successfully - sym options: 0x614 - pdb path: .;C:\Program Files\Eclipse Adoptium\jdk-21.0.2.13-hotspot\bin;C:\WINDOWS\SYSTEM32;C:\WINDOWS\WinSxS\amd64_microsoft.windows.common-controls_6595b64144ccf1df_6.0.22621.3235_none_270f74e173860f98;C:\Program Files\Eclipse Adoptium\jdk-21.0.2.13-hotspot\bin\server

VM Arguments:
jvm_args: --module-path=C:\Users\medkh\.m2\repository\org\openjfx\javafx-base\21.0.2\javafx-base-21.0.2-win.jar;C:\Users\medkh\.m2\repository\org\openjfx\javafx-base\21.0.2\javafx-base-21.0.2.jar;C:\Users\medkh\.m2\repository\org\openjfx\javafx-controls\21.0.2\javafx-controls-21.0.2-win.jar;C:\Users\medkh\.m2\repository\org\openjfx\javafx-controls\21.0.2\javafx-controls-21.0.2.jar;C:\Users\medkh\.m2\repository\org\openjfx\javafx-fxml\21.0.2\javafx-fxml-21.0.2-win.jar;C:\Users\medkh\.m2\repository\org\openjfx\javafx-fxml\21.0.2\javafx-fxml-21.0.2.jar;C:\Users\medkh\.m2\repository\org\openjfx\javafx-graphics\21.0.2\javafx-graphics-21.0.2-win.jar;C:\Users\medkh\.m2\repository\org\openjfx\javafx-graphics\21.0.2\javafx-graphics-21.0.2.jar;C:\Users\medkh\.m2\repository\org\openjfx\javafx-media\20.0.2\javafx-media-20.0.2-win.jar;C:\Users\medkh\.m2\repository\org\openjfx\javafx-media\20.0.2\javafx-media-20.0.2.jar;C:\Users\medkh\.m2\repository\org\openjfx\javafx-web\21.0.2\javafx-web-21.0.2-win.jar;C:\Users\medkh\.m2\repository\org\openjfx\javafx-web\21.0.2\javafx-web-21.0.2.jar --add-modules=javafx.base,javafx.controls,javafx.fxml,javafx.graphics,javafx.media,javafx.web 
java_command: tests.mainFX
java_class_path (initial): C:\Users\medkh\Desktop\JDBC3A3\target\classes;C:\Users\medkh\.m2\repository\com\fasterxml\jackson\core\jackson-annotations\2.14.0\jackson-annotations-2.14.0.jar;C:\Users\medkh\.m2\repository\com\fasterxml\jackson\core\jackson-core\2.14.0\jackson-core-2.14.0.jar;C:\Users\medkh\.m2\repository\com\fasterxml\jackson\core\jackson-databind\2.14.0\jackson-databind-2.14.0.jar;C:\Users\medkh\.m2\repository\com\fasterxml\jackson\dataformat\jackson-dataformat-xml\2.14.0\jackson-dataformat-xml-2.14.0.jar;C:\Users\medkh\.m2\repository\com\fasterxml\jackson\datatype\jackson-datatype-jsr310\2.14.0\jackson-datatype-jsr310-2.14.0.jar;C:\Users\medkh\.m2\repository\com\fasterxml\woodstox\woodstox-core\6.4.0\woodstox-core-6.4.0.jar;C:\Users\medkh\.m2\repository\com\gluonhq\charm-down-core\3.8.0\charm-down-core-3.8.0.jar;C:\Users\medkh\.m2\repository\com\gluonhq\charm-down-plugin-display\3.8.0\charm-down-plugin-display-3.8.0.jar;C:\Users\medkh\.m2\repository\com\gluonhq\charm-down-plugin-lifecycle\3.8.0\charm-down-plugin-lifecycle-3.8.0.jar;C:\Users\medkh\.m2\repository\com\gluonhq\charm-down-plugin-statusbar\3.8.0\charm-down-plugin-statusbar-3.8.0.jar;C:\Users\medkh\.m2\repository\com\gluonhq\charm-down-plugin-storage\3.8.0\charm-down-plugin-storage-3.8.0.jar;C:\Users\medkh\.m2\repository\com\gluonhq\charm-glisten\5.0.0\charm-glisten-5.0.0.jar;C:\Users\medkh\.m2\repository\com\google\code\gson\gson\2.8.9\gson-2.8.9.jar;C:\Users\medkh\.m2\repository\com\google\protobuf\protobuf-java\3.21.9\protobuf-java-3.21.9.jar;C:\Users\medkh\.m2\repository\com\itextpdf\itextpdf\5.5.13\itextpdf-5.5.13.jar;C:\Users\medkh\.m2\repository\com\konghq\unirest-java\3.13.6\unirest-java-3.13.6.jar;C:\Users\medkh\.m2\repository\com\mysql\mysql-connector-j\8.2.0\mysql-connector-j-8.2.0.jar;C:\Users\medkh\.m2\repository\com\stripe\stripe-java\24.18.0\stripe-java-24.18.0.jar;C:\Users\medkh\.m2\repository\com\sun\mail\javax.mail\1.6.2\javax.mail-1.6.2.jar;C:\Users\medkh\.m2\repository\com\twilio\sdk\twilio\10.1.2\twilio-10.1.2.jar;C:\Users\medkh\.m2\repository\commons-codec\commons-codec\1.15\commons-codec-1.15.jar;C:\Users\medkh\.m2\repository\commons-io\commons-io\2.7\commons-io-2.7.jar;C:\Users\medkh\.m2\repository\commons-logging\commons-logging\1.2\commons-logging-1.2.jar;C:\Users\medkh\.m2\repository\de\jensd\fontawesomefx-commons\9.1.2\fontawesomefx-commons-9.1.2.jar;C:\Users\medkh\.m2\repository\de\jensd\fontawesomefx-fontawesome\4.7.0-9.1.2\fontawesomefx-fontawesome-4.7.0-9.1.2.jar;C:\Users\medkh\.m2\repository\io\github\cdimascio\java-dotenv\5.2.2\java-dotenv-5.2.2.jar;C:\Users\medkh\.m2\repository\io\jsonwebtoken\jjwt-api\0.11.2\jjwt-api-0.11.2.jar;C:\Users\medkh\.m2\repository\io\jsonwebtoken\jjwt-impl\0.11.2\jjwt-impl-0.11.2.jar;C:\Users\medkh\.m2\repository\io\jsonwebtoken\jjwt-jackson\0.11.2\jjwt-jackson-0.11.2.jar;C:\Users\medkh\.m2\repository\javax\activation\activation\1.1\activation-1.1.jar;C:\Users\medkh\.m2\repository\javax\persistence\javax.persistence-api\2.2\javax.persistence-api-2.2.jar;C:\Users\medkh\.m2\repository\javax\validation\validation-api\2.0.1.Final\validation-api-2.0.1.Final.jar;C:\Users\medkh\.m2\repository\org\apache\httpcomponents\httpasyncclient\4.1.5\httpasyncclient-4.1.5.jar;C:\Users\medkh\.m2\repository\org\apache\httpcomponents\httpclient\4.5.13\httpclient-4.5.13.jar;C:\Users\medkh\.m2\repository\org\apache\httpcomponents\httpcore\4.4.13\httpcore-4.4.13.jar;C:\Users\medkh\.m2\repository\org\apache\httpcomponents\httpcore-nio\4.4.13\httpcore-nio-4.4.13.jar;C:\Users\medkh\.m2\repository\org\apache\httpcomponents\httpmime\4.5.13\httpmime-4.5.13.jar;C:\Users\medkh\.m2\repository\org\apache\pdfbox\fontbox\2.0.24\fontbox-2.0.24.jar;C:\Users\medkh\.m2\repository\org\apache\pdfbox\pdfbox\2.0.24\pdfbox-2.0.24.jar;C:\Users\medkh\.m2\repository\org\codehaus\woodstox\stax2-api\4.2.1\stax2-api-4.2.1.jar;C:\Users\medkh\.m2\repository\org\controlsfx\controlsfx\11.1.1\controlsfx-11.1.1.jar;C:\Users\medkh\.m2\repository\org\jetbrains\annotations\13.0\annotations-13.0.jar;C:\Users\medkh\.m2\repository\org\jetbrains\kotlin\kotlin-stdlib\1.4.0\kotlin-stdlib-1.4.0.jar;C:\Users\medkh\.m2\repository\org\jetbrains\kotlin\kotlin-stdlib-common\1.4.0\kotlin-stdlib-common-1.4.0.jar;C:\Users\medkh\.m2\repository\org\json\json\20210307\json-20210307.jar;C:\Users\medkh\.m2\repository\org\mindrot\jbcrypt\0.4\jbcrypt-0.4.jar;C:\Users\medkh\.m2\repository\org\slf4j\slf4j-api\1.7.30\slf4j-api-1.7.30.jar
Launcher Type: SUN_STANDARD

[Global flags]
     intx CICompilerCount                          = 12                                        {product} {ergonomic}
     uint ConcGCThreads                            = 3                                         {product} {ergonomic}
     uint G1ConcRefinementThreads                  = 13                                        {product} {ergonomic}
   size_t G1HeapRegionSize                         = 4194304                                   {product} {ergonomic}
    uintx GCDrainStackTargetSize                   = 64                                        {product} {ergonomic}
   size_t InitialHeapSize                          = 394264576                                 {product} {ergonomic}
   size_t MarkStackSize                            = 4194304                                   {product} {ergonomic}
   size_t MaxHeapSize                              = 6274678784                                {product} {ergonomic}
   size_t MinHeapDeltaBytes                        = 4194304                                   {product} {ergonomic}
   size_t MinHeapSize                              = 8388608                                   {product} {ergonomic}
    uintx NonNMethodCodeHeapSize                   = 7602480                                {pd product} {ergonomic}
    uintx NonProfiledCodeHeapSize                  = 122027880                              {pd product} {ergonomic}
    uintx ProfiledCodeHeapSize                     = 122027880                              {pd product} {ergonomic}
    uintx ReservedCodeCacheSize                    = 251658240                              {pd product} {ergonomic}
     bool SegmentedCodeCache                       = true                                      {product} {ergonomic}
   size_t SoftMaxHeapSize                          = 6274678784                             {manageable} {ergonomic}
     bool UseCompressedOops                        = true                           {product lp64_product} {ergonomic}
     bool UseG1GC                                  = true                                      {product} {ergonomic}
     bool UseLargePagesIndividualAllocation        = false                                  {pd product} {ergonomic}

Logging:
Log output configuration:
 #0: stdout all=warning uptime,level,tags foldmultilines=false
 #1: stderr all=off uptime,level,tags foldmultilines=false

Environment Variables:
JAVA_HOME=C:\Program Files\Eclipse Adoptium\jdk-21.0.2.13-hotspot\
PATH=C:\oraclexe\app\oracle\product\10.2.0\server\bin;C:\Program Files\Eclipse Adoptium\jdk-21.0.2.13-hotspot\bin;C:\Program Files\Common Files\Oracle\Java\javapath;C:\Users\medkh\.jdks\jbrsdk-17.0.9\bin;C:\oraclexe\app\oracle\product\11.2.0\server\bin;C:\windows\system32;C:\windows;C:\windows\System32\Wbem;C:\windows\System32\WindowsPowerShell\v1.0\;C:\windows\System32\OpenSSH\;C:\Program Files (x86)\NVIDIA Corporation\PhysX\Common;C:\Program Files\NVIDIA Corporation\NVIDIA NvDLISR;C:\WINDOWS\system32;C:\WINDOWS;C:\WINDOWS\System32\Wbem;C:\WINDOWS\System32\WindowsPowerShell\v1.0\;C:\WINDOWS\System32\OpenSSH\;C:\Program Files (x86)\dotnet\;C:\instantclient12_2;C:\oraclexe;C:\oraclexe\app\oracle\admin\XE;C:\Program Files\TortoiseGit\bin;C:\Program Files\Git\bin;C:\xampp\php;C:\ProgramData\ComposerSetup\bin;C:\Program Files\HP\HP One Agent;C:\Users\medkh\scoop\shims;C:\Users\medkh\AppData\Local\Microsoft\WindowsApps;C:\Users\medkh\AppData\Local\Programs\Microsoft VS Code\bin;C:\Users\medkh\AppData\Roaming\Composer\vendor\bin;C:\Program Files\JetBrains\PhpStorm 2023.2.3\bin;
USERNAME=medkh
OS=Windows_NT
PROCESSOR_IDENTIFIER=AMD64 Family 23 Model 96 Stepping 1, AuthenticAMD
TMP=C:\Users\medkh\AppData\Local\Temp
TEMP=C:\Users\medkh\AppData\Local\Temp




Periodic native trim disabled

---------------  S Y S T E M  ---------------

OS:
 Windows 11 , 64 bit Build 22621 (10.0.22621.3374)
OS uptime: 10 days 4:56 hours

CPU: total 16 (initial active 16) (16 cores per cpu, 2 threads per core) family 23 model 96 stepping 1 microcode 0x0, cx8, cmov, fxsr, ht, mmx, 3dnowpref, sse, sse2, sse3, ssse3, sse4a, sse4.1, sse4.2, popcnt, lzcnt, tsc, tscinvbit, avx, avx2, aes, clmul, bmi1, bmi2, adx, sha, fma, vzeroupper, clflush, clflushopt, rdtscp, rdpid, f16c
Processor Information for all 16 processors :
  Max Mhz: 2900, Current Mhz: 2900, Mhz Limit: 2900

Memory: 4k page, system-wide physical 23923M (3292M free)
TotalPageFile size 37923M (AvailPageFile size 202M)
current process WorkingSet (physical memory assigned to process): 11M, peak: 11M
current process commit charge ("private bytes"): 70M, peak: 446M

vm_info: OpenJDK 64-Bit Server VM (21.0.2+13-LTS) for windows-amd64 JRE (21.0.2+13-LTS), built on 2024-01-16T00:00:00Z by "admin" with unknown MS VC++:1937

END.
